<?xml version="1.0" encoding="UTF-8"?>
<testsuites name="TSADP-49" time="68" tests="2" failures="2" errors="0">
   <testsuite name="TSADP-49" tests="2" failures="2" errors="0" time="68" timestamp="2018-12-11 15:46:21" hostname="jmatamoros - DESK-DEV01.BMinc.eu" id="Test Suites/TSADP-49">
      <properties>
         <property name="deviceName" value=""/>
         <property name="devicePlatform" value=""/>
         <property name="logFolder" value="C:\\Users\\jmatamoros.BMINC\\Documents\\Qa\\Functional Testing\\Proyectos\\PregameGitTest\\Reports\\TSADP-49\\20181211_154616"/>
         <property name="logFiles" value="C:\\Users\\jmatamoros.BMINC\\Documents\\Qa\\Functional Testing\\Proyectos\\PregameGitTest\\Reports\\TSADP-49\\20181211_154616\\execution0.log"/>
         <property name="attachments" value="C:\\Users\\jmatamoros.BMINC\\Documents\\Qa\\Functional Testing\\Proyectos\\PregameGitTest\\Reports\\TSADP-49\\20181211_154616\\1544564848746.png"/>
         <property name="hostName" value="jmatamoros - DESK-DEV01.BMinc.eu"/>
         <property name="os" value="Windows 10 64bit"/>
         <property name="katalonVersion" value="5.9.1.2"/>
         <property name="browser" value="Chrome 70.0.3538.110"/>
         <property name="hostAddress" value="10.0.89.112"/>
         <property name="sessionId" value="ff12d150f6543d5feb775c48971f8db2"/>
         <property name="seleniumVersion" value="3.7.1"/>
         <property name="proxyInformation" value="ProxyInformation{proxyOption=NO_PROXY, proxyServerType=HTTP, password=, proxyServerAddress=, proxyServerPort=0}"/>
         <property name="platform" value="Windows 10"/>
      </properties>
      <testcase name="Test Cases/PREGAME/SportBook/MenuMiCuenta(ADP-50)" classname="Test Cases/PREGAME/SportBook/MenuMiCuenta(ADP-50)" status="PASSED">
         <system-out><![CDATA[2018-12-11 15:46:22 - [TEST_CASE][PASSED] - Test Cases/PREGAME/SportBook/MenuMiCuenta(ADP-50): Test Cases/PREGAME/SportBook/MenuMiCuenta(ADP-50)

2018-12-11 15:46:23 - [TEST_STEP][PASSED] - excelFile = new java.io.File(excelLabelFileLoc): null

2018-12-11 15:46:23 - [TEST_STEP][PASSED] - fis = new java.io.FileInputStream(excelFile): null

2018-12-11 15:46:23 - [TEST_STEP][PASSED] - workbook = new org.apache.poi.xssf.usermodel.XSSFWorkbook(fis): null

2018-12-11 15:46:25 - [TEST_STEP][PASSED] - languageKey = "": null

2018-12-11 15:46:25 - [TEST_STEP][PASSED] - balanceDiarioDes = null: null

2018-12-11 15:46:25 - [TEST_STEP][PASSED] - reportesDes = null: null

2018-12-11 15:46:25 - [TEST_STEP][PASSED] - transaccionesDesc = null: null

2018-12-11 15:46:25 - [TEST_STEP][PASSED] - rollOverDesc = null: null

2018-12-11 15:46:25 - [TEST_STEP][PASSED] - validateRollOverFlag = null: null

2018-12-11 15:46:25 - [TEST_STEP][PASSED] - callTestCase(findTestCase("PREGAME/SportBook/Login_Successfull"), ["url":findTestData("PreGameTestData").getValue(3, 1), "loginUser":findTestData("PreGameTestData").getValue(1, 1), "loginPassword":findTestData("PreGameTestData").getValue(2, 1)], STOP_ON_FAILURE): Call Test Case 'Test Cases/PREGAME/SportBook/Login_Successfull' successfully

2018-12-11 15:46:25 - [TEST_CASE][PASSED] - Test Cases/PREGAME/SportBook/Login_Successfull: Test Cases/PREGAME/SportBook/Login_Successfull

2018-12-11 15:46:26 - [TEST_STEP][PASSED] - openBrowser(""): Browser is opened with url: ''

2018-12-11 15:46:27 - [MESSAGE][INFO] - Starting 'Chrome' driver

2018-12-11 15:46:28 - [MESSAGE][INFO] - Action delay is set to 0 seconds

2018-12-11 15:46:37 - [MESSAGE][PASSED] - Browser is opened with url: ''

2018-12-11 15:46:37 - [TEST_STEP][PASSED] - caps = getWebDriver().getCapabilities(): null

2018-12-11 15:46:38 - [TEST_STEP][PASSED] - plataform = caps.getPlatform(): null

2018-12-11 15:46:38 - [TEST_STEP][PASSED] - navigateToUrl(url): Navigate to 'http://pp-ids-pregame.bminc.eu/' successfully

2018-12-11 15:46:42 - [MESSAGE][PASSED] - Navigate to 'http://pp-ids-pregame.bminc.eu/' successfully

2018-12-11 15:46:42 - [TEST_STEP][PASSED] - if (!(plataform.equalsIgnoreCase("ANDROID"))): Current window maximized

2018-12-11 15:46:42 - [TEST_STEP][PASSED] - maximizeWindow(): Current window maximized

2018-12-11 15:46:43 - [MESSAGE][PASSED] - Current window maximized

2018-12-11 15:46:43 - [TEST_STEP][PASSED] - delay(2): Delayed 2 second(s)

2018-12-11 15:46:45 - [MESSAGE][PASSED] - Delayed 2 second(s)

2018-12-11 15:46:45 - [TEST_STEP][PASSED] - waitForElementPresent(findTestObject("Repositorio Apuestas deportivas juegos/a_Ingresar"), 20): Object 'Object Repository/Repositorio Apuestas deportivas juegos/a_Ingresar' is present

2018-12-11 15:46:45 - [MESSAGE][PASSED] - Object 'Object Repository/Repositorio Apuestas deportivas juegos/a_Ingresar' is present

2018-12-11 15:46:45 - [TEST_STEP][PASSED] - delay(2): Delayed 2 second(s)

2018-12-11 15:46:47 - [MESSAGE][PASSED] - Delayed 2 second(s)

2018-12-11 15:46:47 - [TEST_STEP][PASSED] - click(findTestObject("Repositorio Apuestas deportivas juegos/a_Ingresar")): Object: 'Object Repository/Repositorio Apuestas deportivas juegos/a_Ingresar' is clicked on

2018-12-11 15:46:48 - [MESSAGE][PASSED] - Object: 'Object Repository/Repositorio Apuestas deportivas juegos/a_Ingresar' is clicked on

2018-12-11 15:46:48 - [TEST_STEP][PASSED] - delay(2): Delayed 2 second(s)

2018-12-11 15:46:50 - [MESSAGE][PASSED] - Delayed 2 second(s)

2018-12-11 15:46:50 - [TEST_STEP][PASSED] - waitForElementVisible(findTestObject("Repositorio Apuestas deportivas juegos/input_Bienvenido_user"), 20): Object 'Object Repository/Repositorio Apuestas deportivas juegos/input_Bienvenido_user' is visible

2018-12-11 15:46:50 - [MESSAGE][PASSED] - Object 'Object Repository/Repositorio Apuestas deportivas juegos/input_Bienvenido_user' is visible

2018-12-11 15:46:50 - [TEST_STEP][PASSED] - sendKeys(findTestObject("Repositorio Apuestas deportivas juegos/input_Bienvenido_user"), loginUser): Keys '10075T' sent to object: 'Object Repository/Repositorio Apuestas deportivas juegos/input_Bienvenido_user'

2018-12-11 15:46:51 - [MESSAGE][PASSED] - Keys '10075T' sent to object: 'Object Repository/Repositorio Apuestas deportivas juegos/input_Bienvenido_user'

2018-12-11 15:46:51 - [TEST_STEP][PASSED] - sendKeys(findTestObject("Repositorio Apuestas deportivas juegos/input_Bienvenido_password"), loginPassword): Keys '1234' sent to object: 'Object Repository/Repositorio Apuestas deportivas juegos/input_Bienvenido_password'

2018-12-11 15:46:51 - [MESSAGE][PASSED] - Keys '1234' sent to object: 'Object Repository/Repositorio Apuestas deportivas juegos/input_Bienvenido_password'

2018-12-11 15:46:51 - [TEST_STEP][PASSED] - click(findTestObject("Repositorio Apuestas deportivas juegos/button_Entrar")): Object: 'Object Repository/Repositorio Apuestas deportivas juegos/button_Entrar' is clicked on

2018-12-11 15:46:58 - [MESSAGE][PASSED] - Object: 'Object Repository/Repositorio Apuestas deportivas juegos/button_Entrar' is clicked on

2018-12-11 15:46:58 - [TEST_STEP][PASSED] - waitForElementVisible(findTestObject("Repositorio Sportbook/li_PIN10075T"), 3): Object 'Object Repository/Repositorio Sportbook/li_PIN10075T' is visible

2018-12-11 15:46:59 - [MESSAGE][PASSED] - Object 'Object Repository/Repositorio Sportbook/li_PIN10075T' is visible

2018-12-11 15:46:59 - [TEST_STEP][PASSED] - verifyElementPresent(findTestObject("Repositorio Sportbook/div_Logout"), 2): Object 'Object Repository/Repositorio Sportbook/div_Logout' is present

2018-12-11 15:46:59 - [MESSAGE][PASSED] - Object 'Object Repository/Repositorio Sportbook/div_Logout' is present

2018-12-11 15:46:59 - [TEST_STEP][PASSED] - if (!(mobileBrowser)): Object 'Object Repository/Repositorio Sportbook/div_Logout' is visible

2018-12-11 15:46:59 - [TEST_STEP][PASSED] - verifyElementVisible(findTestObject("Repositorio Sportbook/div_Logout")): Object 'Object Repository/Repositorio Sportbook/div_Logout' is visible

2018-12-11 15:46:59 - [MESSAGE][PASSED] - Object 'Object Repository/Repositorio Sportbook/div_Logout' is visible

2018-12-11 15:46:59 - [MESSAGE][PASSED] - Call Test Case 'Test Cases/PREGAME/SportBook/Login_Successfull' successfully

2018-12-11 15:46:59 - [TEST_STEP][PASSED] - waitForPageLoad(4): Wait for page load successfully

2018-12-11 15:46:59 - [MESSAGE][PASSED] - Wait for page load successfully

2018-12-11 15:46:59 - [TEST_STEP][PASSED] - waitForElementNotVisible(findTestObject("Repositorio Sportbook/Init_Modal"), 4): Web element with id: 'Object Repository/Repositorio Sportbook/Init_Modal' located by 'By.xpath: //*[@id = init_modal]' not found

2018-12-11 15:47:03 - [MESSAGE][INFO] - Unable to find the element located by 'By.xpath: //*[@id = init_modal]'. Please recheck the objects properties to make sure the desired element is located. 

2018-12-11 15:47:03 - [MESSAGE][WARNING] - Web element with id: 'Object Repository/Repositorio Sportbook/Init_Modal' located by 'By.xpath: //*[@id = init_modal]' not found

2018-12-11 15:47:03 - [TEST_STEP][PASSED] - if (siteType == "Premium"): Object: 'Object Repository/Repositorio Sportbook/div_MY ACCOUNT' is clicked on

2018-12-11 15:47:03 - [TEST_STEP][PASSED] - myAccountObj = findTestObject("Repositorio Sportbook/div_MY ACCOUNT"): null

2018-12-11 15:47:03 - [TEST_STEP][PASSED] - if (mobileBrowser == true): null

2018-12-11 15:47:03 - [TEST_STEP][PASSED] - verifyElementClickable(myAccountObj): Object 'Object Repository/Repositorio Sportbook/div_MY ACCOUNT' is clickable

2018-12-11 15:47:03 - [MESSAGE][PASSED] - Object 'Object Repository/Repositorio Sportbook/div_MY ACCOUNT' is clickable

2018-12-11 15:47:03 - [TEST_STEP][PASSED] - click(myAccountObj): Object: 'Object Repository/Repositorio Sportbook/div_MY ACCOUNT' is clicked on

2018-12-11 15:47:03 - [MESSAGE][PASSED] - Object: 'Object Repository/Repositorio Sportbook/div_MY ACCOUNT' is clicked on

2018-12-11 15:47:03 - [TEST_STEP][PASSED] - url = getUrl(): Current window's url is: 'http://pp-ids-pregame.bminc.eu/esp/sportbook/'

2018-12-11 15:47:03 - [MESSAGE][PASSED] - Current window's url is: 'http://pp-ids-pregame.bminc.eu/esp/sportbook/'

2018-12-11 15:47:03 - [TEST_STEP][PASSED] - waitForElementVisible(findTestObject("Repositorio Sportbook/MiCuenta(ADP-50)/button_BALANCE DIARIO"), 2): Object 'Object Repository/Repositorio Sportbook/MiCuenta(ADP-50)/button_BALANCE DIARIO' is visible

2018-12-11 15:47:03 - [MESSAGE][PASSED] - Object 'Object Repository/Repositorio Sportbook/MiCuenta(ADP-50)/button_BALANCE DIARIO' is visible

2018-12-11 15:47:03 - [TEST_STEP][PASSED] - verifyElementVisible(findTestObject("Repositorio Sportbook/MiCuenta(ADP-50)/button_REPORTES")): Object 'Object Repository/Repositorio Sportbook/MiCuenta(ADP-50)/button_REPORTES' is visible

2018-12-11 15:47:03 - [MESSAGE][PASSED] - Object 'Object Repository/Repositorio Sportbook/MiCuenta(ADP-50)/button_REPORTES' is visible

2018-12-11 15:47:03 - [TEST_STEP][PASSED] - verifyElementVisible(findTestObject("Repositorio Sportbook/MiCuenta(ADP-50)/button_TRANSACCIONES")): Object 'Object Repository/Repositorio Sportbook/MiCuenta(ADP-50)/button_TRANSACCIONES' is visible

2018-12-11 15:47:03 - [MESSAGE][PASSED] - Object 'Object Repository/Repositorio Sportbook/MiCuenta(ADP-50)/button_TRANSACCIONES' is visible

2018-12-11 15:47:03 - [TEST_STEP][PASSED] - delay(2): Delayed 2 second(s)

2018-12-11 15:47:05 - [MESSAGE][PASSED] - Delayed 2 second(s)

2018-12-11 15:47:05 - [TEST_STEP][PASSED] - balanceDiarioDes = getAttribute(findTestObject("Repositorio Sportbook/MiCuenta(ADP-50)/button_BALANCE DIARIO"), "textContent", STOP_ON_FAILURE): Attribute 'textContent' of object 'Object Repository/Repositorio Sportbook/MiCuenta(ADP-50)/button_BALANCE DIARIO' is: 'BALANCE DIARIO'

2018-12-11 15:47:05 - [MESSAGE][PASSED] - Attribute 'textContent' of object 'Object Repository/Repositorio Sportbook/MiCuenta(ADP-50)/button_BALANCE DIARIO' is: 'BALANCE DIARIO'

2018-12-11 15:47:05 - [TEST_STEP][PASSED] - reportesDes = getAttribute(findTestObject("Repositorio Sportbook/MiCuenta(ADP-50)/button_REPORTES"), "textContent", STOP_ON_FAILURE): Attribute 'textContent' of object 'Object Repository/Repositorio Sportbook/MiCuenta(ADP-50)/button_REPORTES' is: 'REPORTES'

2018-12-11 15:47:05 - [MESSAGE][PASSED] - Attribute 'textContent' of object 'Object Repository/Repositorio Sportbook/MiCuenta(ADP-50)/button_REPORTES' is: 'REPORTES'

2018-12-11 15:47:05 - [TEST_STEP][PASSED] - transaccionesDesc = getAttribute(findTestObject("Repositorio Sportbook/MiCuenta(ADP-50)/button_TRANSACCIONES"), "textContent", STOP_ON_FAILURE): Attribute 'textContent' of object 'Object Repository/Repositorio Sportbook/MiCuenta(ADP-50)/button_TRANSACCIONES' is: 'TRANSACCIONES'

2018-12-11 15:47:05 - [MESSAGE][PASSED] - Attribute 'textContent' of object 'Object Repository/Repositorio Sportbook/MiCuenta(ADP-50)/button_TRANSACCIONES' is: 'TRANSACCIONES'

2018-12-11 15:47:05 - [TEST_STEP][PASSED] - languageKey = url.replace(findTestData("PreGameTestData").getValue(3, 1), ""): null

2018-12-11 15:47:06 - [TEST_STEP][PASSED] - languageKey = languageKey.substring(0, 3): null

2018-12-11 15:47:06 - [TEST_STEP][PASSED] - sheet = workbook.getSheet(languageKey): null

2018-12-11 15:47:06 - [TEST_STEP][PASSED] - validateRollOverFlag = findTestData("PreGameTestData").getValue(5, 1): null

2018-12-11 15:47:06 - [TEST_STEP][PASSED] - assert reportesDes == getCell(0).toString(): null

2018-12-11 15:47:06 - [TEST_STEP][PASSED] - assert balanceDiarioDes == getCell(1).toString(): null

2018-12-11 15:47:06 - [TEST_STEP][PASSED] - assert transaccionesDesc == getCell(2).toString(): null

2018-12-11 15:47:06 - [TEST_STEP][PASSED] - transWagerAmountLoc = getCell(0).toString(): null

2018-12-11 15:47:06 - [TEST_STEP][PASSED] - wagerStatusLabel = getCell(1).toString(): null

2018-12-11 15:47:06 - [TEST_STEP][PASSED] - if (validateRollOverFlag == "Si"): null]]></system-out>
         <system-err><![CDATA[]]></system-err>
      </testcase>
      <testcase name="Test Cases/PREGAME/SportBook/Transacciones(ADP-53)" classname="Test Cases/PREGAME/SportBook/Transacciones(ADP-53)" status="PASSED">
         <system-out><![CDATA[2018-12-11 15:47:06 - [TEST_CASE][PASSED] - Test Cases/PREGAME/SportBook/Transacciones(ADP-53): Test Cases/PREGAME/SportBook/Transacciones(ADP-53)

2018-12-11 15:47:06 - [TEST_STEP][PASSED] - dynamicDivId = "": null

2018-12-11 15:47:06 - [TEST_STEP][PASSED] - wagerDescVar = "": null

2018-12-11 15:47:06 - [TEST_STEP][PASSED] - wagerStatusVar = "": null

2018-12-11 15:47:06 - [TEST_STEP][PASSED] - wagerDate = "": null

2018-12-11 15:47:06 - [TEST_STEP][PASSED] - wagerAmount = "": null

2018-12-11 15:47:06 - [TEST_STEP][PASSED] - transacionIsVisible = false: null

2018-12-11 15:47:06 - [TEST_STEP][PASSED] - detailTestObj = new com.kms.katalon.core.testobject.TestObject(WagerDesc): null

2018-12-11 15:47:06 - [TEST_STEP][PASSED] - wagerStatusTestObj = new com.kms.katalon.core.testobject.TestObject(WagerDesc): null

2018-12-11 15:47:06 - [TEST_STEP][PASSED] - wagerIdObj = new com.kms.katalon.core.testobject.TestObject(WagerIdSpan): null

2018-12-11 15:47:06 - [TEST_STEP][PASSED] - modalOscTestObj = new com.kms.katalon.core.testobject.TestObject(modalOscureScreen): null

2018-12-11 15:47:06 - [TEST_STEP][PASSED] - dateTransactionObj = new com.kms.katalon.core.testobject.TestObject(dataTransaccitonsObjects): null

2018-12-11 15:47:06 - [TEST_STEP][PASSED] - wagerIdObj.addProperty("css", EQUALS, ".modal-content .modal-body #tdm_accordion div.accordion-group.borderedWagerDiv div.accordion-heading.wtr_headerDiv div.wpr_headerWagerDiv span"): null

2018-12-11 15:47:06 - [TEST_STEP][PASSED] - documentIdObj = new com.kms.katalon.core.testobject.TestObject(DocumentIdData): null

2018-12-11 15:47:06 - [TEST_STEP][PASSED] - wagerIdObjectPlusSingObj = new com.kms.katalon.core.testobject.TestObject(wagerIdObjectPlusSing): null

2018-12-11 15:47:06 - [TEST_STEP][PASSED] - wagerResultAmountObj = new com.kms.katalon.core.testobject.TestObject(wagerAmount): null

2018-12-11 15:47:06 - [TEST_STEP][PASSED] - robot = new java.awt.Robot(): null

2018-12-11 15:47:06 - [TEST_STEP][PASSED] - if (individualTestCase == true): null

2018-12-11 15:47:06 - [TEST_STEP][PASSED] - waitForElementClickable(findTestObject("Repositorio Sportbook/MiCuenta(ADP-50)/button_TRANSACCIONES"), 2): Object 'Object Repository/Repositorio Sportbook/MiCuenta(ADP-50)/button_TRANSACCIONES' is clickable

2018-12-11 15:47:06 - [MESSAGE][PASSED] - Object 'Object Repository/Repositorio Sportbook/MiCuenta(ADP-50)/button_TRANSACCIONES' is clickable

2018-12-11 15:47:06 - [TEST_STEP][PASSED] - click(findTestObject("Repositorio Sportbook/MiCuenta(ADP-50)/button_TRANSACCIONES")): Object: 'Object Repository/Repositorio Sportbook/MiCuenta(ADP-50)/button_TRANSACCIONES' is clicked on

2018-12-11 15:47:06 - [MESSAGE][PASSED] - Object: 'Object Repository/Repositorio Sportbook/MiCuenta(ADP-50)/button_TRANSACCIONES' is clicked on

2018-12-11 15:47:06 - [TEST_STEP][PASSED] - waitForElementVisible(findTestObject("Repositorio Sportbook/Transacciones(ADP-53)/th_ Documento"), 2): Object 'Object Repository/Repositorio Sportbook/Transacciones(ADP-53)/th_ Documento' is visible

2018-12-11 15:47:06 - [MESSAGE][PASSED] - Object 'Object Repository/Repositorio Sportbook/Transacciones(ADP-53)/th_ Documento' is visible

2018-12-11 15:47:06 - [TEST_STEP][PASSED] - verifyElementVisible(findTestObject("Repositorio Sportbook/Transacciones(ADP-53)/th_ Documento")): Object 'Object Repository/Repositorio Sportbook/Transacciones(ADP-53)/th_ Documento' is visible

2018-12-11 15:47:06 - [MESSAGE][PASSED] - Object 'Object Repository/Repositorio Sportbook/Transacciones(ADP-53)/th_ Documento' is visible

2018-12-11 15:47:06 - [TEST_STEP][PASSED] - verifyElementVisible(findTestObject("Repositorio Sportbook/Transacciones(ADP-53)/th_Balance")): Object 'Object Repository/Repositorio Sportbook/Transacciones(ADP-53)/th_Balance' is visible

2018-12-11 15:47:07 - [MESSAGE][PASSED] - Object 'Object Repository/Repositorio Sportbook/Transacciones(ADP-53)/th_Balance' is visible

2018-12-11 15:47:07 - [TEST_STEP][PASSED] - verifyElementVisible(findTestObject("Repositorio Sportbook/Transacciones(ADP-53)/th_Cantidad")): Object 'Object Repository/Repositorio Sportbook/Transacciones(ADP-53)/th_Cantidad' is visible

2018-12-11 15:47:07 - [MESSAGE][PASSED] - Object 'Object Repository/Repositorio Sportbook/Transacciones(ADP-53)/th_Cantidad' is visible

2018-12-11 15:47:07 - [TEST_STEP][PASSED] - if (!(mobileBrowser)): Object 'Object Repository/Repositorio Sportbook/Transacciones(ADP-53)/th_Fecha' is visible

2018-12-11 15:47:07 - [TEST_STEP][PASSED] - verifyElementVisible(findTestObject("Repositorio Sportbook/Transacciones(ADP-53)/th_Descripcin")): Object 'Object Repository/Repositorio Sportbook/Transacciones(ADP-53)/th_Descripcin' is visible

2018-12-11 15:47:07 - [MESSAGE][PASSED] - Object 'Object Repository/Repositorio Sportbook/Transacciones(ADP-53)/th_Descripcin' is visible

2018-12-11 15:47:07 - [TEST_STEP][PASSED] - verifyElementVisible(findTestObject("Repositorio Sportbook/Transacciones(ADP-53)/th_Detalles")): Object 'Object Repository/Repositorio Sportbook/Transacciones(ADP-53)/th_Detalles' is visible

2018-12-11 15:47:07 - [MESSAGE][PASSED] - Object 'Object Repository/Repositorio Sportbook/Transacciones(ADP-53)/th_Detalles' is visible

2018-12-11 15:47:07 - [TEST_STEP][PASSED] - verifyElementVisible(findTestObject("Repositorio Sportbook/Transacciones(ADP-53)/th_Fecha")): Object 'Object Repository/Repositorio Sportbook/Transacciones(ADP-53)/th_Fecha' is visible

2018-12-11 15:47:07 - [MESSAGE][PASSED] - Object 'Object Repository/Repositorio Sportbook/Transacciones(ADP-53)/th_Fecha' is visible

2018-12-11 15:47:07 - [TEST_STEP][PASSED] - verifyElementVisible(findTestObject("Repositorio Sportbook/Transacciones(ADP-53)/button_Todo")): Object 'Object Repository/Repositorio Sportbook/Transacciones(ADP-53)/button_Todo' is visible

2018-12-11 15:47:07 - [MESSAGE][PASSED] - Object 'Object Repository/Repositorio Sportbook/Transacciones(ADP-53)/button_Todo' is visible

2018-12-11 15:47:07 - [TEST_STEP][PASSED] - verifyElementVisible(findTestObject("Repositorio Sportbook/Transacciones(ADP-53)/button_Jugadas de Cortesa"), STOP_ON_FAILURE): Object 'Object Repository/Repositorio Sportbook/Transacciones(ADP-53)/button_Jugadas de Cortesa' is visible

2018-12-11 15:47:07 - [MESSAGE][PASSED] - Object 'Object Repository/Repositorio Sportbook/Transacciones(ADP-53)/button_Jugadas de Cortesa' is visible

2018-12-11 15:47:07 - [TEST_STEP][PASSED] - wagerIdObjectPlusSingObj.addProperty("css", EQUALS, ".plus-sgin-wager-report i"): null

2018-12-11 15:47:07 - [TEST_STEP][PASSED] - if (mobileBrowser): null

2018-12-11 15:47:07 - [TEST_STEP][PASSED] - if (verifyElementVisible(wagerIdObjectPlusSingObj, OPTIONAL)): null

2018-12-11 15:47:07 - [MESSAGE][PASSED] - Object 'wagerIdObjectPlusSing' is visible

2018-12-11 15:47:07 - [TEST_STEP][PASSED] - transacionIsVisible = true: null

2018-12-11 15:47:07 - [TEST_STEP][PASSED] - if (transacionIsVisible == true): null

2018-12-11 15:47:07 - [TEST_STEP][PASSED] - dateTransactionObj.addProperty("css", EQUALS, "#ahr_Table tbody tr:nth-child(2) td:nth-child(2)"): null

2018-12-11 15:47:07 - [TEST_STEP][PASSED] - wagerDate = getAttribute(dateTransactionObj, "textContent", STOP_ON_FAILURE): Attribute 'textContent' of object 'dataTransaccitonsObjects' is: '12/10/2018 11:57'

2018-12-11 15:47:07 - [MESSAGE][PASSED] - Attribute 'textContent' of object 'dataTransaccitonsObjects' is: '12/10/2018 11:57'

2018-12-11 15:47:07 - [TEST_STEP][PASSED] - wagerDate = wagerDate.substring(0, 10): null

2018-12-11 15:47:07 - [TEST_STEP][PASSED] - click(wagerIdObjectPlusSingObj): Object: 'wagerIdObjectPlusSing' is clicked on

2018-12-11 15:47:07 - [MESSAGE][PASSED] - Object: 'wagerIdObjectPlusSing' is clicked on

2018-12-11 15:47:07 - [TEST_STEP][PASSED] - waitForElementVisible(findTestObject("Repositorio Sportbook/Transacciones(ADP-53)/span_Wager_Id"), 2): Object 'Object Repository/Repositorio Sportbook/Transacciones(ADP-53)/span_Wager_Id' is visible

2018-12-11 15:47:08 - [MESSAGE][PASSED] - Object 'Object Repository/Repositorio Sportbook/Transacciones(ADP-53)/span_Wager_Id' is visible

2018-12-11 15:47:08 - [TEST_STEP][PASSED] - click(findTestObject("Repositorio Sportbook/Transacciones(ADP-53)/span_Wager_Id")): Object: 'Object Repository/Repositorio Sportbook/Transacciones(ADP-53)/span_Wager_Id' is clicked on

2018-12-11 15:47:08 - [MESSAGE][PASSED] - Object: 'Object Repository/Repositorio Sportbook/Transacciones(ADP-53)/span_Wager_Id' is clicked on

2018-12-11 15:47:08 - [TEST_STEP][PASSED] - wagerResultAmountObj.addProperty("xpath", EQUALS, "//span[contains(.,"" + transWagerAmountLoc + "")]"): null

2018-12-11 15:47:08 - [TEST_STEP][PASSED] - wagerId = getAttribute(wagerIdObj, "textContent", STOP_ON_FAILURE): Attribute 'textContent' of object 'WagerIdSpan' is: '135683976_1'

2018-12-11 15:47:08 - [MESSAGE][PASSED] - Attribute 'textContent' of object 'WagerIdSpan' is: '135683976_1'

2018-12-11 15:47:08 - [TEST_STEP][PASSED] - wagerAmount = getAttribute(wagerResultAmountObj, "textContent", STOP_ON_FAILURE): Attribute 'textContent' of object 'wagerAmount' is: 'Pagado: 75.00'

2018-12-11 15:47:08 - [MESSAGE][PASSED] - Attribute 'textContent' of object 'wagerAmount' is: 'Pagado: 75.00'

2018-12-11 15:47:08 - [TEST_STEP][PASSED] - wagerAmount = indexOf(":") + 1), "").trim(): null

2018-12-11 15:47:08 - [TEST_STEP][PASSED] - dynamicDivId = "//*[@id='" + wagerId.toString() + "']": null

2018-12-11 15:47:08 - [TEST_STEP][PASSED] - detailTestObj.addProperty("xpath", EQUALS, dynamicDivId.concat("/div/span[2]")): null

2018-12-11 15:47:08 - [TEST_STEP][PASSED] - wagerDescVar = getAttribute(detailTestObj, "textContent", STOP_ON_FAILURE): Attribute 'textContent' of object 'WagerDesc' is: 'Detalles: SONACOS VS Jaraaf - Game - Totals Over 1½ -120.0'

2018-12-11 15:47:08 - [MESSAGE][PASSED] - Attribute 'textContent' of object 'WagerDesc' is: 'Detalles: SONACOS VS Jaraaf - Game - Totals Over 1½ -120.0'

2018-12-11 15:47:08 - [TEST_STEP][PASSED] - wagerStatusTestObj.addProperty("xpath", EQUALS, dynamicDivId.concat("/div[contains(@class,"accordion-inner wrt_InternalDivContent")]/span[4]")): null

2018-12-11 15:47:08 - [TEST_STEP][PASSED] - wagerStatusVar = getAttribute(wagerStatusTestObj, "textContent", STOP_ON_FAILURE): Attribute 'textContent' of object 'WagerDesc' is: 'Estatus de Apuesta: Won'

2018-12-11 15:47:08 - [MESSAGE][PASSED] - Attribute 'textContent' of object 'WagerDesc' is: 'Estatus de Apuesta: Won'

2018-12-11 15:47:08 - [TEST_STEP][PASSED] - wagerDesc = indexOf(":") + 2), "").trim(): null

2018-12-11 15:47:08 - [TEST_STEP][PASSED] - wagerStatus = indexOf(":") + 2), "").trim(): null

2018-12-11 15:47:08 - [TEST_STEP][PASSED] - delay(2): Delayed 2 second(s)

2018-12-11 15:47:10 - [MESSAGE][PASSED] - Delayed 2 second(s)

2018-12-11 15:47:10 - [TEST_STEP][PASSED] - waitForElementClickable(findTestObject("Repositorio Sportbook/Transacciones(ADP-53)/button_Cerrar"), 2): Object 'Object Repository/Repositorio Sportbook/Transacciones(ADP-53)/button_Cerrar' is clickable

2018-12-11 15:47:10 - [MESSAGE][PASSED] - Object 'Object Repository/Repositorio Sportbook/Transacciones(ADP-53)/button_Cerrar' is clickable

2018-12-11 15:47:10 - [TEST_STEP][PASSED] - click(findTestObject("Repositorio Sportbook/Transacciones(ADP-53)/button_Cerrar")): Object: 'Object Repository/Repositorio Sportbook/Transacciones(ADP-53)/button_Cerrar' is clicked on

2018-12-11 15:47:10 - [MESSAGE][PASSED] - Object: 'Object Repository/Repositorio Sportbook/Transacciones(ADP-53)/button_Cerrar' is clicked on

2018-12-11 15:47:10 - [TEST_STEP][PASSED] - waitForElementNotVisible(findTestObject("Repositorio Sportbook/Transacciones(ADP-53)/button_Cerrar"), 4, STOP_ON_FAILURE): Object 'Object Repository/Repositorio Sportbook/Transacciones(ADP-53)/button_Cerrar' is NOT visible

2018-12-11 15:47:11 - [MESSAGE][PASSED] - Object 'Object Repository/Repositorio Sportbook/Transacciones(ADP-53)/button_Cerrar' is NOT visible

2018-12-11 15:47:11 - [TEST_STEP][PASSED] - if (mobileBrowser): null]]></system-out>
         <system-err><![CDATA[]]></system-err>
      </testcase>
      <testcase name="Test Cases/PREGAME/SportBook/OpcionBalanceDiario(ADP-52)" classname="Test Cases/PREGAME/SportBook/OpcionBalanceDiario(ADP-52)" status="FAILED">
         <failure type="FAILED" message="Test Cases/PREGAME/SportBook/OpcionBalanceDiario(ADP-52) FAILED.
Reason:
Assertion failed: 

assert wagerStatusDailyAmount.contains(GlobalVariable.wagerAmount)
       |                      |                       |
       Ganancia/Pérdida: 75.0 false                    75.00

	at OpcionBalanceDiario(ADP-52).run(OpcionBalanceDiario(ADP-52):158)
	at com.kms.katalon.core.main.ScriptEngine.run(ScriptEngine.java:194)
	at com.kms.katalon.core.main.ScriptEngine.runScriptAsRawText(ScriptEngine.java:119)
	at com.kms.katalon.core.main.TestCaseExecutor.runScript(TestCaseExecutor.java:321)
	at com.kms.katalon.core.main.TestCaseExecutor.doExecute(TestCaseExecutor.java:312)
	at com.kms.katalon.core.main.TestCaseExecutor.processExecutionPhase(TestCaseExecutor.java:291)
	at com.kms.katalon.core.main.TestCaseExecutor.accessMainPhase(TestCaseExecutor.java:283)
	at com.kms.katalon.core.main.TestCaseExecutor.execute(TestCaseExecutor.java:222)
	at com.kms.katalon.core.main.TestSuiteExecutor.accessTestCaseMainPhase(TestSuiteExecutor.java:129)
	at com.kms.katalon.core.main.TestSuiteExecutor.accessTestSuiteMainPhase(TestSuiteExecutor.java:112)
	at com.kms.katalon.core.main.TestSuiteExecutor.execute(TestSuiteExecutor.java:81)
	at com.kms.katalon.core.main.TestCaseMain.startTestSuite(TestCaseMain.java:149)
	at com.kms.katalon.core.main.TestCaseMain$startTestSuite$0.call(Unknown Source)
	at TempTestSuite1544564777016.run(TempTestSuite1544564777016.groovy:36)
"/>
         <system-out><![CDATA[2018-12-11 15:47:11 - [TEST_CASE][FAILED] - Test Cases/PREGAME/SportBook/OpcionBalanceDiario(ADP-52): Test Cases/PREGAME/SportBook/OpcionBalanceDiario(ADP-52) FAILED.
Reason:
Assertion failed: 

assert wagerStatusDailyAmount.contains(GlobalVariable.wagerAmount)
       |                      |                       |
       Ganancia/Pérdida: 75.0 false                    75.00

	at OpcionBalanceDiario(ADP-52).run(OpcionBalanceDiario(ADP-52):158)
	at com.kms.katalon.core.main.ScriptEngine.run(ScriptEngine.java:194)
	at com.kms.katalon.core.main.ScriptEngine.runScriptAsRawText(ScriptEngine.java:119)
	at com.kms.katalon.core.main.TestCaseExecutor.runScript(TestCaseExecutor.java:321)
	at com.kms.katalon.core.main.TestCaseExecutor.doExecute(TestCaseExecutor.java:312)
	at com.kms.katalon.core.main.TestCaseExecutor.processExecutionPhase(TestCaseExecutor.java:291)
	at com.kms.katalon.core.main.TestCaseExecutor.accessMainPhase(TestCaseExecutor.java:283)
	at com.kms.katalon.core.main.TestCaseExecutor.execute(TestCaseExecutor.java:222)
	at com.kms.katalon.core.main.TestSuiteExecutor.accessTestCaseMainPhase(TestSuiteExecutor.java:129)
	at com.kms.katalon.core.main.TestSuiteExecutor.accessTestSuiteMainPhase(TestSuiteExecutor.java:112)
	at com.kms.katalon.core.main.TestSuiteExecutor.execute(TestSuiteExecutor.java:81)
	at com.kms.katalon.core.main.TestCaseMain.startTestSuite(TestCaseMain.java:149)
	at com.kms.katalon.core.main.TestCaseMain$startTestSuite$0.call(Unknown Source)
	at TempTestSuite1544564777016.run(TempTestSuite1544564777016.groovy:36)


2018-12-11 15:47:13 - [TEST_STEP][PASSED] - log = new com.kms.katalon.core.logging.KeywordLogger(): null

2018-12-11 15:47:13 - [TEST_STEP][PASSED] - tuesdayThObject = null: null

2018-12-11 15:47:13 - [TEST_STEP][PASSED] - tuesdayThObjectTest = null: null

2018-12-11 15:47:13 - [TEST_STEP][PASSED] - dayThByBalance = null: null

2018-12-11 15:47:13 - [TEST_STEP][PASSED] - dailyfigWagerPlusDetailBtn = new com.kms.katalon.core.testobject.TestObject(dailyfigWagerPlusDetailBtn): null

2018-12-11 15:47:13 - [TEST_STEP][PASSED] - wagerAmountLinkObj = new com.kms.katalon.core.testobject.TestObject(WagerBalanceAmountLink): null

2018-12-11 15:47:13 - [TEST_STEP][PASSED] - if (individualTestCase == true): null

2018-12-11 15:47:13 - [TEST_STEP][PASSED] - click(findTestObject("Repositorio Sportbook/MiCuenta(ADP-50)/button_BALANCE DIARIO")): Object: 'Object Repository/Repositorio Sportbook/MiCuenta(ADP-50)/button_BALANCE DIARIO' is clicked on

2018-12-11 15:47:13 - [MESSAGE][PASSED] - Object: 'Object Repository/Repositorio Sportbook/MiCuenta(ADP-50)/button_BALANCE DIARIO' is clicked on

2018-12-11 15:47:13 - [TEST_STEP][PASSED] - waitForElementVisible(findTestObject("Repositorio Sportbook/BalanceDiario(ADP-52)/th_Monday"), 2): Object 'Object Repository/Repositorio Sportbook/BalanceDiario(ADP-52)/th_Monday' is visible

2018-12-11 15:47:13 - [MESSAGE][PASSED] - Object 'Object Repository/Repositorio Sportbook/BalanceDiario(ADP-52)/th_Monday' is visible

2018-12-11 15:47:13 - [TEST_STEP][PASSED] - verifyElementVisible(findTestObject("Repositorio Sportbook/BalanceDiario(ADP-52)/th_Monday")): Object 'Object Repository/Repositorio Sportbook/BalanceDiario(ADP-52)/th_Monday' is visible

2018-12-11 15:47:13 - [MESSAGE][PASSED] - Object 'Object Repository/Repositorio Sportbook/BalanceDiario(ADP-52)/th_Monday' is visible

2018-12-11 15:47:13 - [TEST_STEP][PASSED] - verifyElementVisible(findTestObject("Repositorio Sportbook/BalanceDiario(ADP-52)/th_Tuesday")): Object 'Object Repository/Repositorio Sportbook/BalanceDiario(ADP-52)/th_Tuesday' is visible

2018-12-11 15:47:13 - [MESSAGE][PASSED] - Object 'Object Repository/Repositorio Sportbook/BalanceDiario(ADP-52)/th_Tuesday' is visible

2018-12-11 15:47:13 - [TEST_STEP][PASSED] - tuesdayThObject = findTestObject("Repositorio Sportbook/BalanceDiario(ADP-52)/th_Tuesday"): null

2018-12-11 15:47:13 - [TEST_STEP][PASSED] - verifyElementVisible(findTestObject("Repositorio Sportbook/BalanceDiario(ADP-52)/th_Wednesday")): Object 'Object Repository/Repositorio Sportbook/BalanceDiario(ADP-52)/th_Wednesday' is visible

2018-12-11 15:47:13 - [MESSAGE][PASSED] - Object 'Object Repository/Repositorio Sportbook/BalanceDiario(ADP-52)/th_Wednesday' is visible

2018-12-11 15:47:13 - [TEST_STEP][PASSED] - verifyElementVisible(findTestObject("Repositorio Sportbook/BalanceDiario(ADP-52)/th_Thursday")): Object 'Object Repository/Repositorio Sportbook/BalanceDiario(ADP-52)/th_Thursday' is visible

2018-12-11 15:47:13 - [MESSAGE][PASSED] - Object 'Object Repository/Repositorio Sportbook/BalanceDiario(ADP-52)/th_Thursday' is visible

2018-12-11 15:47:13 - [TEST_STEP][PASSED] - verifyElementVisible(findTestObject("Repositorio Sportbook/BalanceDiario(ADP-52)/th_Friday")): Object 'Object Repository/Repositorio Sportbook/BalanceDiario(ADP-52)/th_Friday' is visible

2018-12-11 15:47:13 - [MESSAGE][PASSED] - Object 'Object Repository/Repositorio Sportbook/BalanceDiario(ADP-52)/th_Friday' is visible

2018-12-11 15:47:13 - [TEST_STEP][PASSED] - verifyElementVisible(findTestObject("Repositorio Sportbook/BalanceDiario(ADP-52)/th_Saturday")): Object 'Object Repository/Repositorio Sportbook/BalanceDiario(ADP-52)/th_Saturday' is visible

2018-12-11 15:47:13 - [MESSAGE][PASSED] - Object 'Object Repository/Repositorio Sportbook/BalanceDiario(ADP-52)/th_Saturday' is visible

2018-12-11 15:47:13 - [TEST_STEP][PASSED] - verifyElementVisible(findTestObject("Repositorio Sportbook/BalanceDiario(ADP-52)/th_Sunday")): Object 'Object Repository/Repositorio Sportbook/BalanceDiario(ADP-52)/th_Sunday' is visible

2018-12-11 15:47:13 - [MESSAGE][PASSED] - Object 'Object Repository/Repositorio Sportbook/BalanceDiario(ADP-52)/th_Sunday' is visible

2018-12-11 15:47:13 - [TEST_STEP][PASSED] - click(findTestObject("Repositorio Sportbook/BalanceDiario(ADP-52)/input_To Win_br_startDaySelect")): Object: 'Object Repository/Repositorio Sportbook/BalanceDiario(ADP-52)/input_To Win_br_startDaySelect' is clicked on

2018-12-11 15:47:13 - [MESSAGE][PASSED] - Object: 'Object Repository/Repositorio Sportbook/BalanceDiario(ADP-52)/input_To Win_br_startDaySelect' is clicked on

2018-12-11 15:47:13 - [TEST_STEP][PASSED] - delay(2): Delayed 2 second(s)

2018-12-11 15:47:15 - [MESSAGE][PASSED] - Delayed 2 second(s)

2018-12-11 15:47:15 - [TEST_STEP][PASSED] - tuesdayThObjectTest = new com.kms.katalon.core.testobject.TestObject(tuesdayTh): null

2018-12-11 15:47:15 - [TEST_STEP][PASSED] - tuesdayThObjectTest.addProperty("css", EQUALS, "#br_headerTable  thead  tr  th:nth-child(1)"): null

2018-12-11 15:47:15 - [TEST_STEP][PASSED] - nonStartTuesdayValue = getAttribute(tuesdayThObject, "textContent", STOP_ON_FAILURE): Attribute 'textContent' of object 'Object Repository/Repositorio Sportbook/BalanceDiario(ADP-52)/th_Tuesday' is: 'Martes'

2018-12-11 15:47:15 - [MESSAGE][PASSED] - Attribute 'textContent' of object 'Object Repository/Repositorio Sportbook/BalanceDiario(ADP-52)/th_Tuesday' is: 'Martes'

2018-12-11 15:47:15 - [TEST_STEP][PASSED] - startTuesdayValue = getAttribute(tuesdayThObjectTest, "textContent", STOP_ON_FAILURE): Attribute 'textContent' of object 'tuesdayTh' is: 'Martes'

2018-12-11 15:47:15 - [MESSAGE][PASSED] - Attribute 'textContent' of object 'tuesdayTh' is: 'Martes'

2018-12-11 15:47:15 - [TEST_STEP][PASSED] - verifyEqual(nonStartTuesdayValue, startTuesdayValue): Actual object 'Martes' and expected object 'Martes' are equal

2018-12-11 15:47:15 - [MESSAGE][PASSED] - Actual object 'Martes' and expected object 'Martes' are equal

2018-12-11 15:47:15 - [TEST_STEP][PASSED] - waitForElementVisible(findTestObject("Repositorio Sportbook/BalanceDiario(ADP-52)/select_semanas"), 2): Object 'Object Repository/Repositorio Sportbook/BalanceDiario(ADP-52)/select_semanas' is visible

2018-12-11 15:47:15 - [MESSAGE][PASSED] - Object 'Object Repository/Repositorio Sportbook/BalanceDiario(ADP-52)/select_semanas' is visible

2018-12-11 15:47:15 - [TEST_STEP][PASSED] - if (wagerDate != null && wagerDate != ""): if (wagerDate != null && wagerDate != "") FAILED.
Reason:
Assertion failed: 

assert wagerStatusDailyAmount.contains(GlobalVariable.wagerAmount)
       |                      |                       |
       Ganancia/Pérdida: 75.0 false                    75.00

	at OpcionBalanceDiario(ADP-52).run(OpcionBalanceDiario(ADP-52):158)
	at com.kms.katalon.core.main.ScriptEngine.run(ScriptEngine.java:194)
	at com.kms.katalon.core.main.ScriptEngine.runScriptAsRawText(ScriptEngine.java:119)
	at com.kms.katalon.core.main.TestCaseExecutor.runScript(TestCaseExecutor.java:321)
	at com.kms.katalon.core.main.TestCaseExecutor.doExecute(TestCaseExecutor.java:312)
	at com.kms.katalon.core.main.TestCaseExecutor.processExecutionPhase(TestCaseExecutor.java:291)
	at com.kms.katalon.core.main.TestCaseExecutor.accessMainPhase(TestCaseExecutor.java:283)
	at com.kms.katalon.core.main.TestCaseExecutor.execute(TestCaseExecutor.java:222)
	at com.kms.katalon.core.main.TestSuiteExecutor.accessTestCaseMainPhase(TestSuiteExecutor.java:129)
	at com.kms.katalon.core.main.TestSuiteExecutor.accessTestSuiteMainPhase(TestSuiteExecutor.java:112)
	at com.kms.katalon.core.main.TestSuiteExecutor.execute(TestSuiteExecutor.java:81)
	at com.kms.katalon.core.main.TestCaseMain.startTestSuite(TestCaseMain.java:149)
	at com.kms.katalon.core.main.TestCaseMain$startTestSuite$0.call(Unknown Source)
	at TempTestSuite1544564777016.run(TempTestSuite1544564777016.groovy:36)


2018-12-11 15:47:15 - [TEST_STEP][PASSED] - wagerDateElements = new java.util.ArrayList(java.util.Arrays.asList(internal.GlobalVariable.wagerDate.split(/))): null

2018-12-11 15:47:16 - [TEST_STEP][PASSED] - dateTimeToday = new org.joda.time.DateTime(): null

2018-12-11 15:47:16 - [TEST_STEP][PASSED] - wagerDateTime = new org.joda.time.DateTime(java.lang.Integer.parseInt(wagerDateElements.get(2)), java.lang.Integer.parseInt(wagerDateElements.get(0)), java.lang.Integer.parseInt(wagerDateElements.get(1)), 0, 0, 0): null

2018-12-11 15:47:16 - [TEST_STEP][PASSED] - balanceDayAmount = "": null

2018-12-11 15:47:16 - [TEST_STEP][PASSED] - switch (wagerDateTime.getDayOfWeek()): null

2018-12-11 15:47:16 - [TEST_STEP][PASSED] - case MONDAY:: null

2018-12-11 15:47:16 - [TEST_STEP][PASSED] - balanceDayAmount = "Monday": null

2018-12-11 15:47:16 - [TEST_STEP][PASSED] - break: null

2018-12-11 15:47:16 - [TEST_STEP][PASSED] - wagerWeeks = weeksBetween(wagerDateTime, dateTimeToday).getWeeks(): null

2018-12-11 15:47:16 - [TEST_STEP][PASSED] - wagerAmountLinkObj.addProperty("css", EQUALS, "td[data-th='" + balanceDayAmount + "'] a"): null

2018-12-11 15:47:16 - [TEST_STEP][PASSED] - while (wagerWeeks < 4): if (wagerDate != null && wagerDate != "") FAILED.
Reason:
Assertion failed: 

assert wagerStatusDailyAmount.contains(GlobalVariable.wagerAmount)
       |                      |                       |
       Ganancia/Pérdida: 75.0 false                    75.00

	at OpcionBalanceDiario(ADP-52).run(OpcionBalanceDiario(ADP-52):158)
	at com.kms.katalon.core.main.ScriptEngine.run(ScriptEngine.java:194)
	at com.kms.katalon.core.main.ScriptEngine.runScriptAsRawText(ScriptEngine.java:119)
	at com.kms.katalon.core.main.TestCaseExecutor.runScript(TestCaseExecutor.java:321)
	at com.kms.katalon.core.main.TestCaseExecutor.doExecute(TestCaseExecutor.java:312)
	at com.kms.katalon.core.main.TestCaseExecutor.processExecutionPhase(TestCaseExecutor.java:291)
	at com.kms.katalon.core.main.TestCaseExecutor.accessMainPhase(TestCaseExecutor.java:283)
	at com.kms.katalon.core.main.TestCaseExecutor.execute(TestCaseExecutor.java:222)
	at com.kms.katalon.core.main.TestSuiteExecutor.accessTestCaseMainPhase(TestSuiteExecutor.java:129)
	at com.kms.katalon.core.main.TestSuiteExecutor.accessTestSuiteMainPhase(TestSuiteExecutor.java:112)
	at com.kms.katalon.core.main.TestSuiteExecutor.execute(TestSuiteExecutor.java:81)
	at com.kms.katalon.core.main.TestCaseMain.startTestSuite(TestCaseMain.java:149)
	at com.kms.katalon.core.main.TestCaseMain$startTestSuite$0.call(Unknown Source)
	at TempTestSuite1544564777016.run(TempTestSuite1544564777016.groovy:36)


2018-12-11 15:47:16 - [TEST_STEP][PASSED] - selectOptionByIndex(findTestObject("Repositorio Sportbook/BalanceDiario(ADP-52)/select_semanas"), wagerWeeks): All options with index in [0] are selected on object 'Object Repository/Repositorio Sportbook/BalanceDiario(ADP-52)/select_semanas'

2018-12-11 15:47:17 - [MESSAGE][PASSED] - All options with index in [0] are selected on object 'Object Repository/Repositorio Sportbook/BalanceDiario(ADP-52)/select_semanas'

2018-12-11 15:47:17 - [TEST_STEP][PASSED] - if (waitForElementVisible(wagerAmountLinkObj, 2, OPTIONAL)): Web element with id: 'WagerBalanceAmountLink' located by 'By.cssSelector: td[data-th='Monday'] a' not found

2018-12-11 15:47:19 - [MESSAGE][INFO] - Unable to find the element located by 'By.cssSelector: td[data-th='Monday'] a'. Please recheck the objects properties to make sure the desired element is located. 

2018-12-11 15:47:19 - [MESSAGE][WARNING] - Web element with id: 'WagerBalanceAmountLink' located by 'By.cssSelector: td[data-th='Monday'] a' not found

2018-12-11 15:47:19 - [TEST_STEP][PASSED] - else: null

2018-12-11 15:47:19 - [TEST_STEP][PASSED] - (wagerWeeks++): null

2018-12-11 15:47:19 - [TEST_STEP][PASSED] - selectOptionByIndex(findTestObject("Repositorio Sportbook/BalanceDiario(ADP-52)/select_semanas"), wagerWeeks): All options with index in [1] are selected on object 'Object Repository/Repositorio Sportbook/BalanceDiario(ADP-52)/select_semanas'

2018-12-11 15:47:19 - [MESSAGE][PASSED] - All options with index in [1] are selected on object 'Object Repository/Repositorio Sportbook/BalanceDiario(ADP-52)/select_semanas'

2018-12-11 15:47:19 - [TEST_STEP][PASSED] - if (waitForElementVisible(wagerAmountLinkObj, 2, OPTIONAL)): if (wagerDate != null && wagerDate != "") FAILED.
Reason:
Assertion failed: 

assert wagerStatusDailyAmount.contains(GlobalVariable.wagerAmount)
       |                      |                       |
       Ganancia/Pérdida: 75.0 false                    75.00

	at OpcionBalanceDiario(ADP-52).run(OpcionBalanceDiario(ADP-52):158)
	at com.kms.katalon.core.main.ScriptEngine.run(ScriptEngine.java:194)
	at com.kms.katalon.core.main.ScriptEngine.runScriptAsRawText(ScriptEngine.java:119)
	at com.kms.katalon.core.main.TestCaseExecutor.runScript(TestCaseExecutor.java:321)
	at com.kms.katalon.core.main.TestCaseExecutor.doExecute(TestCaseExecutor.java:312)
	at com.kms.katalon.core.main.TestCaseExecutor.processExecutionPhase(TestCaseExecutor.java:291)
	at com.kms.katalon.core.main.TestCaseExecutor.accessMainPhase(TestCaseExecutor.java:283)
	at com.kms.katalon.core.main.TestCaseExecutor.execute(TestCaseExecutor.java:222)
	at com.kms.katalon.core.main.TestSuiteExecutor.accessTestCaseMainPhase(TestSuiteExecutor.java:129)
	at com.kms.katalon.core.main.TestSuiteExecutor.accessTestSuiteMainPhase(TestSuiteExecutor.java:112)
	at com.kms.katalon.core.main.TestSuiteExecutor.execute(TestSuiteExecutor.java:81)
	at com.kms.katalon.core.main.TestCaseMain.startTestSuite(TestCaseMain.java:149)
	at com.kms.katalon.core.main.TestCaseMain$startTestSuite$0.call(Unknown Source)
	at TempTestSuite1544564777016.run(TempTestSuite1544564777016.groovy:36)


2018-12-11 15:47:19 - [MESSAGE][PASSED] - Object 'WagerBalanceAmountLink' is visible

2018-12-11 15:47:19 - [TEST_STEP][PASSED] - wagerWeeks = 4: null

2018-12-11 15:47:19 - [TEST_STEP][PASSED] - click(wagerAmountLinkObj, STOP_ON_FAILURE): Object: 'WagerBalanceAmountLink' is clicked on

2018-12-11 15:47:19 - [MESSAGE][PASSED] - Object: 'WagerBalanceAmountLink' is clicked on

2018-12-11 15:47:19 - [TEST_STEP][PASSED] - delay(2): Delayed 2 second(s)

2018-12-11 15:47:21 - [MESSAGE][PASSED] - Delayed 2 second(s)

2018-12-11 15:47:21 - [TEST_STEP][PASSED] - dailyfigWagerPlusDetailBtn.addProperty("xpath", EQUALS, "//*[@id='" + wagerId + "_i']"): null

2018-12-11 15:47:21 - [TEST_STEP][PASSED] - waitForElementClickable(dailyfigWagerPlusDetailBtn, 2): Object 'dailyfigWagerPlusDetailBtn' is clickable

2018-12-11 15:47:22 - [MESSAGE][PASSED] - Object 'dailyfigWagerPlusDetailBtn' is clickable

2018-12-11 15:47:22 - [TEST_STEP][PASSED] - click(dailyfigWagerPlusDetailBtn): Object: 'dailyfigWagerPlusDetailBtn' is clicked on

2018-12-11 15:47:22 - [MESSAGE][PASSED] - Object: 'dailyfigWagerPlusDetailBtn' is clicked on

2018-12-11 15:47:22 - [TEST_STEP][PASSED] - wagerStatusObj = findTestObject("Repositorio Sportbook/BalanceDiario(ADP-52)/span_Estatus de Apuesta").addProperty("xpath", EQUALS, "//span[contains(.,"" + wagerStatusLabel + "")]"): null

2018-12-11 15:47:22 - [TEST_STEP][PASSED] - wagerStatusDailyWagerResult = getAttribute(wagerStatusObj, "textContent"): Attribute 'textContent' of object 'Object Repository/Repositorio Sportbook/BalanceDiario(ADP-52)/span_Estatus de Apuesta' is: 'Estatus de Apuesta: Won'

2018-12-11 15:47:22 - [MESSAGE][PASSED] - Attribute 'textContent' of object 'Object Repository/Repositorio Sportbook/BalanceDiario(ADP-52)/span_Estatus de Apuesta' is: 'Estatus de Apuesta: Won'

2018-12-11 15:47:22 - [TEST_STEP][PASSED] - wagerResultAmountObj = findTestObject("Object Repository/Repositorio Sportbook/BalanceDiario(ADP-52)/span_GananciaOPerdida"): null

2018-12-11 15:47:22 - [TEST_STEP][PASSED] - wagerResultAmountObj.addProperty("xpath", EQUALS, "id("wpr_contentWagerDiv_" + wagerId + "")/div[@class="leftFloatDiv table-cell"]/span[2]"): null

2018-12-11 15:47:22 - [TEST_STEP][PASSED] - wagerStatusDailyAmount = getAttribute(wagerResultAmountObj, "textContent"): Attribute 'textContent' of object 'Object Repository/Repositorio Sportbook/BalanceDiario(ADP-52)/span_GananciaOPerdida' is: 'Ganancia/Pérdida: 75.0'

2018-12-11 15:47:22 - [MESSAGE][PASSED] - Attribute 'textContent' of object 'Object Repository/Repositorio Sportbook/BalanceDiario(ADP-52)/span_GananciaOPerdida' is: 'Ganancia/Pérdida: 75.0'

2018-12-11 15:47:22 - [TEST_STEP][PASSED] - wagerResultDesc = findTestObject("Object Repository/Repositorio Sportbook/BalanceDiario(ADP-52)/span_WagerDesc"): null

2018-12-11 15:47:22 - [TEST_STEP][PASSED] - wagerResultDesc.addProperty("xpath", EQUALS, "//*[text()[contains(.,"" + wagerDesc + "")]]"): null

2018-12-11 15:47:22 - [TEST_STEP][PASSED] - waitForElementVisible(wagerResultDesc, 2, STOP_ON_FAILURE): Object 'Object Repository/Repositorio Sportbook/BalanceDiario(ADP-52)/span_WagerDesc' is not visible after 2 second(s)

2018-12-11 15:47:24 - [MESSAGE][WARNING] - Object 'Object Repository/Repositorio Sportbook/BalanceDiario(ADP-52)/span_WagerDesc' is not visible after 2 second(s)

2018-12-11 15:47:24 - [TEST_STEP][PASSED] - verifyElementVisible(wagerResultDesc): Object 'Object Repository/Repositorio Sportbook/BalanceDiario(ADP-52)/span_WagerDesc' is visible

2018-12-11 15:47:24 - [MESSAGE][PASSED] - Object 'Object Repository/Repositorio Sportbook/BalanceDiario(ADP-52)/span_WagerDesc' is visible

2018-12-11 15:47:24 - [TEST_STEP][PASSED] - assert wagerStatusDailyWagerResult.contains(wagerStatus): null

2018-12-11 15:47:24 - [TEST_STEP][FAILED] - assert wagerStatusDailyAmount.contains(wagerAmount): if (wagerDate != null && wagerDate != "") FAILED.
Reason:
Assertion failed: 

assert wagerStatusDailyAmount.contains(GlobalVariable.wagerAmount)
       |                      |                       |
       Ganancia/Pérdida: 75.0 false                    75.00

	at OpcionBalanceDiario(ADP-52).run(OpcionBalanceDiario(ADP-52):158)
	at com.kms.katalon.core.main.ScriptEngine.run(ScriptEngine.java:194)
	at com.kms.katalon.core.main.ScriptEngine.runScriptAsRawText(ScriptEngine.java:119)
	at com.kms.katalon.core.main.TestCaseExecutor.runScript(TestCaseExecutor.java:321)
	at com.kms.katalon.core.main.TestCaseExecutor.doExecute(TestCaseExecutor.java:312)
	at com.kms.katalon.core.main.TestCaseExecutor.processExecutionPhase(TestCaseExecutor.java:291)
	at com.kms.katalon.core.main.TestCaseExecutor.accessMainPhase(TestCaseExecutor.java:283)
	at com.kms.katalon.core.main.TestCaseExecutor.execute(TestCaseExecutor.java:222)
	at com.kms.katalon.core.main.TestSuiteExecutor.accessTestCaseMainPhase(TestSuiteExecutor.java:129)
	at com.kms.katalon.core.main.TestSuiteExecutor.accessTestSuiteMainPhase(TestSuiteExecutor.java:112)
	at com.kms.katalon.core.main.TestSuiteExecutor.execute(TestSuiteExecutor.java:81)
	at com.kms.katalon.core.main.TestCaseMain.startTestSuite(TestCaseMain.java:149)
	at com.kms.katalon.core.main.TestCaseMain$startTestSuite$0.call(Unknown Source)
	at TempTestSuite1544564777016.run(TempTestSuite1544564777016.groovy:36)


2018-12-11 15:47:24 - [MESSAGE][FAILED] - if (wagerDate != null && wagerDate != "") FAILED.
Reason:
Assertion failed: 

assert wagerStatusDailyAmount.contains(GlobalVariable.wagerAmount)
       |                      |                       |
       Ganancia/Pérdida: 75.0 false                    75.00

	at OpcionBalanceDiario(ADP-52).run(OpcionBalanceDiario(ADP-52):158)
	at com.kms.katalon.core.main.ScriptEngine.run(ScriptEngine.java:194)
	at com.kms.katalon.core.main.ScriptEngine.runScriptAsRawText(ScriptEngine.java:119)
	at com.kms.katalon.core.main.TestCaseExecutor.runScript(TestCaseExecutor.java:321)
	at com.kms.katalon.core.main.TestCaseExecutor.doExecute(TestCaseExecutor.java:312)
	at com.kms.katalon.core.main.TestCaseExecutor.processExecutionPhase(TestCaseExecutor.java:291)
	at com.kms.katalon.core.main.TestCaseExecutor.accessMainPhase(TestCaseExecutor.java:283)
	at com.kms.katalon.core.main.TestCaseExecutor.execute(TestCaseExecutor.java:222)
	at com.kms.katalon.core.main.TestSuiteExecutor.accessTestCaseMainPhase(TestSuiteExecutor.java:129)
	at com.kms.katalon.core.main.TestSuiteExecutor.accessTestSuiteMainPhase(TestSuiteExecutor.java:112)
	at com.kms.katalon.core.main.TestSuiteExecutor.execute(TestSuiteExecutor.java:81)
	at com.kms.katalon.core.main.TestCaseMain.startTestSuite(TestCaseMain.java:149)
	at com.kms.katalon.core.main.TestCaseMain$startTestSuite$0.call(Unknown Source)
	at TempTestSuite1544564777016.run(TempTestSuite1544564777016.groovy:36)]]></system-out>
         <system-err><![CDATA[2018-12-11 15:47:11 - [TEST_CASE][FAILED] - Test Cases/PREGAME/SportBook/OpcionBalanceDiario(ADP-52): Test Cases/PREGAME/SportBook/OpcionBalanceDiario(ADP-52) FAILED.
Reason:
Assertion failed: 

assert wagerStatusDailyAmount.contains(GlobalVariable.wagerAmount)
       |                      |                       |
       Ganancia/Pérdida: 75.0 false                    75.00

	at OpcionBalanceDiario(ADP-52).run(OpcionBalanceDiario(ADP-52):158)
	at com.kms.katalon.core.main.ScriptEngine.run(ScriptEngine.java:194)
	at com.kms.katalon.core.main.ScriptEngine.runScriptAsRawText(ScriptEngine.java:119)
	at com.kms.katalon.core.main.TestCaseExecutor.runScript(TestCaseExecutor.java:321)
	at com.kms.katalon.core.main.TestCaseExecutor.doExecute(TestCaseExecutor.java:312)
	at com.kms.katalon.core.main.TestCaseExecutor.processExecutionPhase(TestCaseExecutor.java:291)
	at com.kms.katalon.core.main.TestCaseExecutor.accessMainPhase(TestCaseExecutor.java:283)
	at com.kms.katalon.core.main.TestCaseExecutor.execute(TestCaseExecutor.java:222)
	at com.kms.katalon.core.main.TestSuiteExecutor.accessTestCaseMainPhase(TestSuiteExecutor.java:129)
	at com.kms.katalon.core.main.TestSuiteExecutor.accessTestSuiteMainPhase(TestSuiteExecutor.java:112)
	at com.kms.katalon.core.main.TestSuiteExecutor.execute(TestSuiteExecutor.java:81)
	at com.kms.katalon.core.main.TestCaseMain.startTestSuite(TestCaseMain.java:149)
	at com.kms.katalon.core.main.TestCaseMain$startTestSuite$0.call(Unknown Source)
	at TempTestSuite1544564777016.run(TempTestSuite1544564777016.groovy:36)]]></system-err>
      </testcase>
      <testcase name="Test Cases/PREGAME/SportBook/OpcionReportes(ADP-51)" classname="Test Cases/PREGAME/SportBook/OpcionReportes(ADP-51)" status="FAILED">
         <failure type="FAILED" message="Test Cases/PREGAME/SportBook/OpcionReportes(ADP-51) FAILED.
Reason:
com.kms.katalon.core.exception.StepFailedException: Unable to click on object 'wagerGradedDetail' (Root cause: org.openqa.selenium.ElementNotVisibleException: element not interactable
  (Session info: chrome=70.0.3538.110)
  (Driver info: chromedriver=2.43.600210 (68dcf5eebde37173d4027fa8635e332711d2874a),platform=Windows NT 10.0.14393 x86_64) (WARNING: The server did not provide any stacktrace information)
Command duration or timeout: 0 milliseconds
Build info: version: '3.7.1', revision: '8a0099a', time: '2017-11-06T21:07:36.161Z'
System info: host: 'DESK-DEV01', ip: '10.0.89.112', os.name: 'Windows 10', os.arch: 'amd64', os.version: '10.0', java.version: '1.8.0_181'
Driver info: com.kms.katalon.selenium.driver.CChromeDriver
Capabilities {acceptInsecureCerts: false, acceptSslCerts: false, applicationCacheEnabled: false, browserConnectionEnabled: false, browserName: chrome, chrome: {chromedriverVersion: 2.43.600210 (68dcf5eebde371..., userDataDir: C:\Users\JMATAM~1.BMI\AppDa...}, cssSelectorsEnabled: true, databaseEnabled: false, goog:chromeOptions: {debuggerAddress: localhost:50915}, handlesAlerts: true, hasTouchScreen: false, javascriptEnabled: true, locationContextEnabled: true, mobileEmulationEnabled: false, nativeEvents: true, networkConnectionEnabled: false, pageLoadStrategy: normal, platform: XP, platformName: XP, rotatable: false, setWindowRect: true, takesHeapSnapshot: true, takesScreenshot: true, unexpectedAlertBehaviour: , unhandledPromptBehavior: , version: 70.0.3538.110, webStorageEnabled: true}
Session ID: ff12d150f6543d5feb775c48971f8db2)
	at com.kms.katalon.core.keyword.internal.KeywordMain.stepFailed(KeywordMain.groovy:36)
	at com.kms.katalon.core.webui.keyword.internal.WebUIKeywordMain.stepFailed(WebUIKeywordMain.groovy:65)
	at com.kms.katalon.core.webui.keyword.internal.WebUIKeywordMain.runKeyword(WebUIKeywordMain.groovy:27)
	at com.kms.katalon.core.webui.keyword.builtin.ClickKeyword.click(ClickKeyword.groovy:86)
	at com.kms.katalon.core.webui.keyword.builtin.ClickKeyword.execute(ClickKeyword.groovy:67)
	at com.kms.katalon.core.keyword.internal.KeywordExecutor.executeKeywordForPlatform(KeywordExecutor.groovy:53)
	at com.kms.katalon.core.webui.keyword.WebUiBuiltInKeywords.click(WebUiBuiltInKeywords.groovy:604)
	at com.kms.katalon.core.webui.keyword.WebUiBuiltInKeywords$click$18.call(Unknown Source)
	at OpcionReportes(ADP-51).run(OpcionReportes(ADP-51):61)
	at com.kms.katalon.core.main.ScriptEngine.run(ScriptEngine.java:194)
	at com.kms.katalon.core.main.ScriptEngine.runScriptAsRawText(ScriptEngine.java:119)
	at com.kms.katalon.core.main.TestCaseExecutor.runScript(TestCaseExecutor.java:321)
	at com.kms.katalon.core.main.TestCaseExecutor.doExecute(TestCaseExecutor.java:312)
	at com.kms.katalon.core.main.TestCaseExecutor.processExecutionPhase(TestCaseExecutor.java:291)
	at com.kms.katalon.core.main.TestCaseExecutor.accessMainPhase(TestCaseExecutor.java:283)
	at com.kms.katalon.core.main.TestCaseExecutor.execute(TestCaseExecutor.java:222)
	at com.kms.katalon.core.main.TestSuiteExecutor.accessTestCaseMainPhase(TestSuiteExecutor.java:129)
	at com.kms.katalon.core.main.TestSuiteExecutor.accessTestSuiteMainPhase(TestSuiteExecutor.java:112)
	at com.kms.katalon.core.main.TestSuiteExecutor.execute(TestSuiteExecutor.java:81)
	at com.kms.katalon.core.main.TestCaseMain.startTestSuite(TestCaseMain.java:149)
	at com.kms.katalon.core.main.TestCaseMain$startTestSuite$0.call(Unknown Source)
	at TempTestSuite1544564777016.run(TempTestSuite1544564777016.groovy:36)
"/>
         <system-out><![CDATA[2018-12-11 15:47:24 - [TEST_CASE][FAILED] - Test Cases/PREGAME/SportBook/OpcionReportes(ADP-51): Test Cases/PREGAME/SportBook/OpcionReportes(ADP-51) FAILED.
Reason:
com.kms.katalon.core.exception.StepFailedException: Unable to click on object 'wagerGradedDetail' (Root cause: org.openqa.selenium.ElementNotVisibleException: element not interactable
  (Session info: chrome=70.0.3538.110)
  (Driver info: chromedriver=2.43.600210 (68dcf5eebde37173d4027fa8635e332711d2874a),platform=Windows NT 10.0.14393 x86_64) (WARNING: The server did not provide any stacktrace information)
Command duration or timeout: 0 milliseconds
Build info: version: '3.7.1', revision: '8a0099a', time: '2017-11-06T21:07:36.161Z'
System info: host: 'DESK-DEV01', ip: '10.0.89.112', os.name: 'Windows 10', os.arch: 'amd64', os.version: '10.0', java.version: '1.8.0_181'
Driver info: com.kms.katalon.selenium.driver.CChromeDriver
Capabilities {acceptInsecureCerts: false, acceptSslCerts: false, applicationCacheEnabled: false, browserConnectionEnabled: false, browserName: chrome, chrome: {chromedriverVersion: 2.43.600210 (68dcf5eebde371..., userDataDir: C:\Users\JMATAM~1.BMI\AppDa...}, cssSelectorsEnabled: true, databaseEnabled: false, goog:chromeOptions: {debuggerAddress: localhost:50915}, handlesAlerts: true, hasTouchScreen: false, javascriptEnabled: true, locationContextEnabled: true, mobileEmulationEnabled: false, nativeEvents: true, networkConnectionEnabled: false, pageLoadStrategy: normal, platform: XP, platformName: XP, rotatable: false, setWindowRect: true, takesHeapSnapshot: true, takesScreenshot: true, unexpectedAlertBehaviour: , unhandledPromptBehavior: , version: 70.0.3538.110, webStorageEnabled: true}
Session ID: ff12d150f6543d5feb775c48971f8db2)
	at com.kms.katalon.core.keyword.internal.KeywordMain.stepFailed(KeywordMain.groovy:36)
	at com.kms.katalon.core.webui.keyword.internal.WebUIKeywordMain.stepFailed(WebUIKeywordMain.groovy:65)
	at com.kms.katalon.core.webui.keyword.internal.WebUIKeywordMain.runKeyword(WebUIKeywordMain.groovy:27)
	at com.kms.katalon.core.webui.keyword.builtin.ClickKeyword.click(ClickKeyword.groovy:86)
	at com.kms.katalon.core.webui.keyword.builtin.ClickKeyword.execute(ClickKeyword.groovy:67)
	at com.kms.katalon.core.keyword.internal.KeywordExecutor.executeKeywordForPlatform(KeywordExecutor.groovy:53)
	at com.kms.katalon.core.webui.keyword.WebUiBuiltInKeywords.click(WebUiBuiltInKeywords.groovy:604)
	at com.kms.katalon.core.webui.keyword.WebUiBuiltInKeywords$click$18.call(Unknown Source)
	at OpcionReportes(ADP-51).run(OpcionReportes(ADP-51):61)
	at com.kms.katalon.core.main.ScriptEngine.run(ScriptEngine.java:194)
	at com.kms.katalon.core.main.ScriptEngine.runScriptAsRawText(ScriptEngine.java:119)
	at com.kms.katalon.core.main.TestCaseExecutor.runScript(TestCaseExecutor.java:321)
	at com.kms.katalon.core.main.TestCaseExecutor.doExecute(TestCaseExecutor.java:312)
	at com.kms.katalon.core.main.TestCaseExecutor.processExecutionPhase(TestCaseExecutor.java:291)
	at com.kms.katalon.core.main.TestCaseExecutor.accessMainPhase(TestCaseExecutor.java:283)
	at com.kms.katalon.core.main.TestCaseExecutor.execute(TestCaseExecutor.java:222)
	at com.kms.katalon.core.main.TestSuiteExecutor.accessTestCaseMainPhase(TestSuiteExecutor.java:129)
	at com.kms.katalon.core.main.TestSuiteExecutor.accessTestSuiteMainPhase(TestSuiteExecutor.java:112)
	at com.kms.katalon.core.main.TestSuiteExecutor.execute(TestSuiteExecutor.java:81)
	at com.kms.katalon.core.main.TestCaseMain.startTestSuite(TestCaseMain.java:149)
	at com.kms.katalon.core.main.TestCaseMain$startTestSuite$0.call(Unknown Source)
	at TempTestSuite1544564777016.run(TempTestSuite1544564777016.groovy:36)


2018-12-11 15:47:24 - [TEST_STEP][PASSED] - dynamicId = ".accordion-body div span b": null

2018-12-11 15:47:24 - [TEST_STEP][PASSED] - reportDetail = new com.kms.katalon.core.testobject.TestObject(reportDetail): null

2018-12-11 15:47:24 - [TEST_STEP][PASSED] - reportDetail.addProperty("css", EQUALS, dynamicId): null

2018-12-11 15:47:24 - [TEST_STEP][PASSED] - wagerGradedDetail = new com.kms.katalon.core.testobject.TestObject(wagerGradedDetail): null

2018-12-11 15:47:24 - [TEST_STEP][PASSED] - wagerDesc = new com.kms.katalon.core.testobject.TestObject(wagerDesc): null

2018-12-11 15:47:24 - [TEST_STEP][PASSED] - wagerStatus = new com.kms.katalon.core.testobject.TestObject(wagerStatus): null

2018-12-11 15:47:24 - [TEST_STEP][PASSED] - wagerResultAmountObj = new com.kms.katalon.core.testobject.TestObject(wagerResultAmountObj): null

2018-12-11 15:47:24 - [TEST_STEP][PASSED] - wagerDescContest = "": null

2018-12-11 15:47:24 - [TEST_STEP][PASSED] - wagerStatusDesc = "": null

2018-12-11 15:47:24 - [TEST_STEP][PASSED] - wagerAmountText = "": null

2018-12-11 15:47:24 - [TEST_STEP][PASSED] - wagerLocatorId = "": null

2018-12-11 15:47:24 - [TEST_STEP][PASSED] - xpathSelector = "": null

2018-12-11 15:47:24 - [TEST_STEP][PASSED] - if (individualTestCase == true): null

2018-12-11 15:47:24 - [TEST_STEP][PASSED] - waitForElementVisible(findTestObject("Repositorio Sportbook/MiCuenta(ADP-50)/button_REPORTES"), 2): Object 'Object Repository/Repositorio Sportbook/MiCuenta(ADP-50)/button_REPORTES' is visible

2018-12-11 15:47:24 - [MESSAGE][PASSED] - Object 'Object Repository/Repositorio Sportbook/MiCuenta(ADP-50)/button_REPORTES' is visible

2018-12-11 15:47:24 - [TEST_STEP][PASSED] - waitForElementClickable(findTestObject("Repositorio Sportbook/MiCuenta(ADP-50)/button_REPORTES"), 2): Object 'Object Repository/Repositorio Sportbook/MiCuenta(ADP-50)/button_REPORTES' is clickable

2018-12-11 15:47:24 - [MESSAGE][PASSED] - Object 'Object Repository/Repositorio Sportbook/MiCuenta(ADP-50)/button_REPORTES' is clickable

2018-12-11 15:47:24 - [TEST_STEP][PASSED] - click(findTestObject("Repositorio Sportbook/MiCuenta(ADP-50)/button_REPORTES")): Object: 'Object Repository/Repositorio Sportbook/MiCuenta(ADP-50)/button_REPORTES' is clicked on

2018-12-11 15:47:24 - [MESSAGE][PASSED] - Object: 'Object Repository/Repositorio Sportbook/MiCuenta(ADP-50)/button_REPORTES' is clicked on

2018-12-11 15:47:24 - [TEST_STEP][PASSED] - delay(2): Delayed 2 second(s)

2018-12-11 15:47:26 - [MESSAGE][PASSED] - Delayed 2 second(s)

2018-12-11 15:47:26 - [TEST_STEP][FAILED] - if (wagerId != null && wagerId != ""): if (wagerId != null && wagerId != "") FAILED.
Reason:
com.kms.katalon.core.exception.StepFailedException: Unable to click on object 'wagerGradedDetail' (Root cause: org.openqa.selenium.ElementNotVisibleException: element not interactable
  (Session info: chrome=70.0.3538.110)
  (Driver info: chromedriver=2.43.600210 (68dcf5eebde37173d4027fa8635e332711d2874a),platform=Windows NT 10.0.14393 x86_64) (WARNING: The server did not provide any stacktrace information)
Command duration or timeout: 0 milliseconds
Build info: version: '3.7.1', revision: '8a0099a', time: '2017-11-06T21:07:36.161Z'
System info: host: 'DESK-DEV01', ip: '10.0.89.112', os.name: 'Windows 10', os.arch: 'amd64', os.version: '10.0', java.version: '1.8.0_181'
Driver info: com.kms.katalon.selenium.driver.CChromeDriver
Capabilities {acceptInsecureCerts: false, acceptSslCerts: false, applicationCacheEnabled: false, browserConnectionEnabled: false, browserName: chrome, chrome: {chromedriverVersion: 2.43.600210 (68dcf5eebde371..., userDataDir: C:\Users\JMATAM~1.BMI\AppDa...}, cssSelectorsEnabled: true, databaseEnabled: false, goog:chromeOptions: {debuggerAddress: localhost:50915}, handlesAlerts: true, hasTouchScreen: false, javascriptEnabled: true, locationContextEnabled: true, mobileEmulationEnabled: false, nativeEvents: true, networkConnectionEnabled: false, pageLoadStrategy: normal, platform: XP, platformName: XP, rotatable: false, setWindowRect: true, takesHeapSnapshot: true, takesScreenshot: true, unexpectedAlertBehaviour: , unhandledPromptBehavior: , version: 70.0.3538.110, webStorageEnabled: true}
Session ID: ff12d150f6543d5feb775c48971f8db2)
	at com.kms.katalon.core.keyword.internal.KeywordMain.stepFailed(KeywordMain.groovy:36)
	at com.kms.katalon.core.webui.keyword.internal.WebUIKeywordMain.stepFailed(WebUIKeywordMain.groovy:65)
	at com.kms.katalon.core.webui.keyword.internal.WebUIKeywordMain.runKeyword(WebUIKeywordMain.groovy:27)
	at com.kms.katalon.core.webui.keyword.builtin.ClickKeyword.click(ClickKeyword.groovy:86)
	at com.kms.katalon.core.webui.keyword.builtin.ClickKeyword.execute(ClickKeyword.groovy:67)
	at com.kms.katalon.core.keyword.internal.KeywordExecutor.executeKeywordForPlatform(KeywordExecutor.groovy:53)
	at com.kms.katalon.core.webui.keyword.WebUiBuiltInKeywords.click(WebUiBuiltInKeywords.groovy:604)
	at com.kms.katalon.core.webui.keyword.WebUiBuiltInKeywords$click$18.call(Unknown Source)
	at OpcionReportes(ADP-51).run(OpcionReportes(ADP-51):61)
	at com.kms.katalon.core.main.ScriptEngine.run(ScriptEngine.java:194)
	at com.kms.katalon.core.main.ScriptEngine.runScriptAsRawText(ScriptEngine.java:119)
	at com.kms.katalon.core.main.TestCaseExecutor.runScript(TestCaseExecutor.java:321)
	at com.kms.katalon.core.main.TestCaseExecutor.doExecute(TestCaseExecutor.java:312)
	at com.kms.katalon.core.main.TestCaseExecutor.processExecutionPhase(TestCaseExecutor.java:291)
	at com.kms.katalon.core.main.TestCaseExecutor.accessMainPhase(TestCaseExecutor.java:283)
	at com.kms.katalon.core.main.TestCaseExecutor.execute(TestCaseExecutor.java:222)
	at com.kms.katalon.core.main.TestSuiteExecutor.accessTestCaseMainPhase(TestSuiteExecutor.java:129)
	at com.kms.katalon.core.main.TestSuiteExecutor.accessTestSuiteMainPhase(TestSuiteExecutor.java:112)
	at com.kms.katalon.core.main.TestSuiteExecutor.execute(TestSuiteExecutor.java:81)
	at com.kms.katalon.core.main.TestCaseMain.startTestSuite(TestCaseMain.java:149)
	at com.kms.katalon.core.main.TestCaseMain$startTestSuite$0.call(Unknown Source)
	at TempTestSuite1544564777016.run(TempTestSuite1544564777016.groovy:36)


2018-12-11 15:47:26 - [TEST_STEP][PASSED] - click(findTestObject("Repositorio Sportbook/Reportes(ADP-49)/button_Resueltas")): Object: 'Object Repository/Repositorio Sportbook/Reportes(ADP-49)/button_Resueltas' is clicked on

2018-12-11 15:47:26 - [MESSAGE][PASSED] - Object: 'Object Repository/Repositorio Sportbook/Reportes(ADP-49)/button_Resueltas' is clicked on

2018-12-11 15:47:26 - [TEST_STEP][PASSED] - delay(2): Delayed 2 second(s)

2018-12-11 15:47:28 - [MESSAGE][PASSED] - Delayed 2 second(s)

2018-12-11 15:47:28 - [TEST_STEP][PASSED] - wagerLocatorId = "i[id='" + wagerId + "_i']": null

2018-12-11 15:47:28 - [TEST_STEP][PASSED] - wagerGradedDetail.addProperty("css", EQUALS, wagerLocatorId): null

2018-12-11 15:47:28 - [TEST_STEP][FAILED] - click(wagerGradedDetail, STOP_ON_FAILURE): if (wagerId != null && wagerId != "") FAILED.
Reason:
com.kms.katalon.core.exception.StepFailedException: Unable to click on object 'wagerGradedDetail' (Root cause: org.openqa.selenium.ElementNotVisibleException: element not interactable
  (Session info: chrome=70.0.3538.110)
  (Driver info: chromedriver=2.43.600210 (68dcf5eebde37173d4027fa8635e332711d2874a),platform=Windows NT 10.0.14393 x86_64) (WARNING: The server did not provide any stacktrace information)
Command duration or timeout: 0 milliseconds
Build info: version: '3.7.1', revision: '8a0099a', time: '2017-11-06T21:07:36.161Z'
System info: host: 'DESK-DEV01', ip: '10.0.89.112', os.name: 'Windows 10', os.arch: 'amd64', os.version: '10.0', java.version: '1.8.0_181'
Driver info: com.kms.katalon.selenium.driver.CChromeDriver
Capabilities {acceptInsecureCerts: false, acceptSslCerts: false, applicationCacheEnabled: false, browserConnectionEnabled: false, browserName: chrome, chrome: {chromedriverVersion: 2.43.600210 (68dcf5eebde371..., userDataDir: C:\Users\JMATAM~1.BMI\AppDa...}, cssSelectorsEnabled: true, databaseEnabled: false, goog:chromeOptions: {debuggerAddress: localhost:50915}, handlesAlerts: true, hasTouchScreen: false, javascriptEnabled: true, locationContextEnabled: true, mobileEmulationEnabled: false, nativeEvents: true, networkConnectionEnabled: false, pageLoadStrategy: normal, platform: XP, platformName: XP, rotatable: false, setWindowRect: true, takesHeapSnapshot: true, takesScreenshot: true, unexpectedAlertBehaviour: , unhandledPromptBehavior: , version: 70.0.3538.110, webStorageEnabled: true}
Session ID: ff12d150f6543d5feb775c48971f8db2)
	at com.kms.katalon.core.keyword.internal.KeywordMain.stepFailed(KeywordMain.groovy:36)
	at com.kms.katalon.core.webui.keyword.internal.WebUIKeywordMain.stepFailed(WebUIKeywordMain.groovy:65)
	at com.kms.katalon.core.webui.keyword.internal.WebUIKeywordMain.runKeyword(WebUIKeywordMain.groovy:27)
	at com.kms.katalon.core.webui.keyword.builtin.ClickKeyword.click(ClickKeyword.groovy:86)
	at com.kms.katalon.core.webui.keyword.builtin.ClickKeyword.execute(ClickKeyword.groovy:67)
	at com.kms.katalon.core.keyword.internal.KeywordExecutor.executeKeywordForPlatform(KeywordExecutor.groovy:53)
	at com.kms.katalon.core.webui.keyword.WebUiBuiltInKeywords.click(WebUiBuiltInKeywords.groovy:604)
	at com.kms.katalon.core.webui.keyword.WebUiBuiltInKeywords$click$18.call(Unknown Source)
	at OpcionReportes(ADP-51).run(OpcionReportes(ADP-51):61)
	at com.kms.katalon.core.main.ScriptEngine.run(ScriptEngine.java:194)
	at com.kms.katalon.core.main.ScriptEngine.runScriptAsRawText(ScriptEngine.java:119)
	at com.kms.katalon.core.main.TestCaseExecutor.runScript(TestCaseExecutor.java:321)
	at com.kms.katalon.core.main.TestCaseExecutor.doExecute(TestCaseExecutor.java:312)
	at com.kms.katalon.core.main.TestCaseExecutor.processExecutionPhase(TestCaseExecutor.java:291)
	at com.kms.katalon.core.main.TestCaseExecutor.accessMainPhase(TestCaseExecutor.java:283)
	at com.kms.katalon.core.main.TestCaseExecutor.execute(TestCaseExecutor.java:222)
	at com.kms.katalon.core.main.TestSuiteExecutor.accessTestCaseMainPhase(TestSuiteExecutor.java:129)
	at com.kms.katalon.core.main.TestSuiteExecutor.accessTestSuiteMainPhase(TestSuiteExecutor.java:112)
	at com.kms.katalon.core.main.TestSuiteExecutor.execute(TestSuiteExecutor.java:81)
	at com.kms.katalon.core.main.TestCaseMain.startTestSuite(TestCaseMain.java:149)
	at com.kms.katalon.core.main.TestCaseMain$startTestSuite$0.call(Unknown Source)
	at TempTestSuite1544564777016.run(TempTestSuite1544564777016.groovy:36)


2018-12-11 15:47:29 - [MESSAGE][FAILED] - Unable to click on object 'wagerGradedDetail' (Root cause: org.openqa.selenium.ElementNotVisibleException: element not interactable
  (Session info: chrome=70.0.3538.110)
  (Driver info: chromedriver=2.43.600210 (68dcf5eebde37173d4027fa8635e332711d2874a),platform=Windows NT 10.0.14393 x86_64) (WARNING: The server did not provide any stacktrace information)
Command duration or timeout: 0 milliseconds
Build info: version: '3.7.1', revision: '8a0099a', time: '2017-11-06T21:07:36.161Z'
System info: host: 'DESK-DEV01', ip: '10.0.89.112', os.name: 'Windows 10', os.arch: 'amd64', os.version: '10.0', java.version: '1.8.0_181'
Driver info: com.kms.katalon.selenium.driver.CChromeDriver
Capabilities {acceptInsecureCerts: false, acceptSslCerts: false, applicationCacheEnabled: false, browserConnectionEnabled: false, browserName: chrome, chrome: {chromedriverVersion: 2.43.600210 (68dcf5eebde371..., userDataDir: C:\Users\JMATAM~1.BMI\AppDa...}, cssSelectorsEnabled: true, databaseEnabled: false, goog:chromeOptions: {debuggerAddress: localhost:50915}, handlesAlerts: true, hasTouchScreen: false, javascriptEnabled: true, locationContextEnabled: true, mobileEmulationEnabled: false, nativeEvents: true, networkConnectionEnabled: false, pageLoadStrategy: normal, platform: XP, platformName: XP, rotatable: false, setWindowRect: true, takesHeapSnapshot: true, takesScreenshot: true, unexpectedAlertBehaviour: , unhandledPromptBehavior: , version: 70.0.3538.110, webStorageEnabled: true}
Session ID: ff12d150f6543d5feb775c48971f8db2)
[[ATTACHMENT|C:\\Users\\jmatamoros.BMINC\\Documents\\Qa\\Functional Testing\\Proyectos\\PregameGitTest\\Reports\\TSADP-49\\20181211_154616\\1544564848746.png]]

2018-12-11 15:47:29 - [MESSAGE][FAILED] - if (wagerId != null && wagerId != "") FAILED.
Reason:
com.kms.katalon.core.exception.StepFailedException: Unable to click on object 'wagerGradedDetail' (Root cause: org.openqa.selenium.ElementNotVisibleException: element not interactable
  (Session info: chrome=70.0.3538.110)
  (Driver info: chromedriver=2.43.600210 (68dcf5eebde37173d4027fa8635e332711d2874a),platform=Windows NT 10.0.14393 x86_64) (WARNING: The server did not provide any stacktrace information)
Command duration or timeout: 0 milliseconds
Build info: version: '3.7.1', revision: '8a0099a', time: '2017-11-06T21:07:36.161Z'
System info: host: 'DESK-DEV01', ip: '10.0.89.112', os.name: 'Windows 10', os.arch: 'amd64', os.version: '10.0', java.version: '1.8.0_181'
Driver info: com.kms.katalon.selenium.driver.CChromeDriver
Capabilities {acceptInsecureCerts: false, acceptSslCerts: false, applicationCacheEnabled: false, browserConnectionEnabled: false, browserName: chrome, chrome: {chromedriverVersion: 2.43.600210 (68dcf5eebde371..., userDataDir: C:\Users\JMATAM~1.BMI\AppDa...}, cssSelectorsEnabled: true, databaseEnabled: false, goog:chromeOptions: {debuggerAddress: localhost:50915}, handlesAlerts: true, hasTouchScreen: false, javascriptEnabled: true, locationContextEnabled: true, mobileEmulationEnabled: false, nativeEvents: true, networkConnectionEnabled: false, pageLoadStrategy: normal, platform: XP, platformName: XP, rotatable: false, setWindowRect: true, takesHeapSnapshot: true, takesScreenshot: true, unexpectedAlertBehaviour: , unhandledPromptBehavior: , version: 70.0.3538.110, webStorageEnabled: true}
Session ID: ff12d150f6543d5feb775c48971f8db2)
	at com.kms.katalon.core.keyword.internal.KeywordMain.stepFailed(KeywordMain.groovy:36)
	at com.kms.katalon.core.webui.keyword.internal.WebUIKeywordMain.stepFailed(WebUIKeywordMain.groovy:65)
	at com.kms.katalon.core.webui.keyword.internal.WebUIKeywordMain.runKeyword(WebUIKeywordMain.groovy:27)
	at com.kms.katalon.core.webui.keyword.builtin.ClickKeyword.click(ClickKeyword.groovy:86)
	at com.kms.katalon.core.webui.keyword.builtin.ClickKeyword.execute(ClickKeyword.groovy:67)
	at com.kms.katalon.core.keyword.internal.KeywordExecutor.executeKeywordForPlatform(KeywordExecutor.groovy:53)
	at com.kms.katalon.core.webui.keyword.WebUiBuiltInKeywords.click(WebUiBuiltInKeywords.groovy:604)
	at com.kms.katalon.core.webui.keyword.WebUiBuiltInKeywords$click$18.call(Unknown Source)
	at OpcionReportes(ADP-51).run(OpcionReportes(ADP-51):61)
	at com.kms.katalon.core.main.ScriptEngine.run(ScriptEngine.java:194)
	at com.kms.katalon.core.main.ScriptEngine.runScriptAsRawText(ScriptEngine.java:119)
	at com.kms.katalon.core.main.TestCaseExecutor.runScript(TestCaseExecutor.java:321)
	at com.kms.katalon.core.main.TestCaseExecutor.doExecute(TestCaseExecutor.java:312)
	at com.kms.katalon.core.main.TestCaseExecutor.processExecutionPhase(TestCaseExecutor.java:291)
	at com.kms.katalon.core.main.TestCaseExecutor.accessMainPhase(TestCaseExecutor.java:283)
	at com.kms.katalon.core.main.TestCaseExecutor.execute(TestCaseExecutor.java:222)
	at com.kms.katalon.core.main.TestSuiteExecutor.accessTestCaseMainPhase(TestSuiteExecutor.java:129)
	at com.kms.katalon.core.main.TestSuiteExecutor.accessTestSuiteMainPhase(TestSuiteExecutor.java:112)
	at com.kms.katalon.core.main.TestSuiteExecutor.execute(TestSuiteExecutor.java:81)
	at com.kms.katalon.core.main.TestCaseMain.startTestSuite(TestCaseMain.java:149)
	at com.kms.katalon.core.main.TestCaseMain$startTestSuite$0.call(Unknown Source)
	at TempTestSuite1544564777016.run(TempTestSuite1544564777016.groovy:36)]]></system-out>
         <system-err><![CDATA[2018-12-11 15:47:24 - [TEST_CASE][FAILED] - Test Cases/PREGAME/SportBook/OpcionReportes(ADP-51): Test Cases/PREGAME/SportBook/OpcionReportes(ADP-51) FAILED.
Reason:
com.kms.katalon.core.exception.StepFailedException: Unable to click on object 'wagerGradedDetail' (Root cause: org.openqa.selenium.ElementNotVisibleException: element not interactable
  (Session info: chrome=70.0.3538.110)
  (Driver info: chromedriver=2.43.600210 (68dcf5eebde37173d4027fa8635e332711d2874a),platform=Windows NT 10.0.14393 x86_64) (WARNING: The server did not provide any stacktrace information)
Command duration or timeout: 0 milliseconds
Build info: version: '3.7.1', revision: '8a0099a', time: '2017-11-06T21:07:36.161Z'
System info: host: 'DESK-DEV01', ip: '10.0.89.112', os.name: 'Windows 10', os.arch: 'amd64', os.version: '10.0', java.version: '1.8.0_181'
Driver info: com.kms.katalon.selenium.driver.CChromeDriver
Capabilities {acceptInsecureCerts: false, acceptSslCerts: false, applicationCacheEnabled: false, browserConnectionEnabled: false, browserName: chrome, chrome: {chromedriverVersion: 2.43.600210 (68dcf5eebde371..., userDataDir: C:\Users\JMATAM~1.BMI\AppDa...}, cssSelectorsEnabled: true, databaseEnabled: false, goog:chromeOptions: {debuggerAddress: localhost:50915}, handlesAlerts: true, hasTouchScreen: false, javascriptEnabled: true, locationContextEnabled: true, mobileEmulationEnabled: false, nativeEvents: true, networkConnectionEnabled: false, pageLoadStrategy: normal, platform: XP, platformName: XP, rotatable: false, setWindowRect: true, takesHeapSnapshot: true, takesScreenshot: true, unexpectedAlertBehaviour: , unhandledPromptBehavior: , version: 70.0.3538.110, webStorageEnabled: true}
Session ID: ff12d150f6543d5feb775c48971f8db2)
	at com.kms.katalon.core.keyword.internal.KeywordMain.stepFailed(KeywordMain.groovy:36)
	at com.kms.katalon.core.webui.keyword.internal.WebUIKeywordMain.stepFailed(WebUIKeywordMain.groovy:65)
	at com.kms.katalon.core.webui.keyword.internal.WebUIKeywordMain.runKeyword(WebUIKeywordMain.groovy:27)
	at com.kms.katalon.core.webui.keyword.builtin.ClickKeyword.click(ClickKeyword.groovy:86)
	at com.kms.katalon.core.webui.keyword.builtin.ClickKeyword.execute(ClickKeyword.groovy:67)
	at com.kms.katalon.core.keyword.internal.KeywordExecutor.executeKeywordForPlatform(KeywordExecutor.groovy:53)
	at com.kms.katalon.core.webui.keyword.WebUiBuiltInKeywords.click(WebUiBuiltInKeywords.groovy:604)
	at com.kms.katalon.core.webui.keyword.WebUiBuiltInKeywords$click$18.call(Unknown Source)
	at OpcionReportes(ADP-51).run(OpcionReportes(ADP-51):61)
	at com.kms.katalon.core.main.ScriptEngine.run(ScriptEngine.java:194)
	at com.kms.katalon.core.main.ScriptEngine.runScriptAsRawText(ScriptEngine.java:119)
	at com.kms.katalon.core.main.TestCaseExecutor.runScript(TestCaseExecutor.java:321)
	at com.kms.katalon.core.main.TestCaseExecutor.doExecute(TestCaseExecutor.java:312)
	at com.kms.katalon.core.main.TestCaseExecutor.processExecutionPhase(TestCaseExecutor.java:291)
	at com.kms.katalon.core.main.TestCaseExecutor.accessMainPhase(TestCaseExecutor.java:283)
	at com.kms.katalon.core.main.TestCaseExecutor.execute(TestCaseExecutor.java:222)
	at com.kms.katalon.core.main.TestSuiteExecutor.accessTestCaseMainPhase(TestSuiteExecutor.java:129)
	at com.kms.katalon.core.main.TestSuiteExecutor.accessTestSuiteMainPhase(TestSuiteExecutor.java:112)
	at com.kms.katalon.core.main.TestSuiteExecutor.execute(TestSuiteExecutor.java:81)
	at com.kms.katalon.core.main.TestCaseMain.startTestSuite(TestCaseMain.java:149)
	at com.kms.katalon.core.main.TestCaseMain$startTestSuite$0.call(Unknown Source)
	at TempTestSuite1544564777016.run(TempTestSuite1544564777016.groovy:36)]]></system-err>
      </testcase>
      <system-out><![CDATA[2018-12-11 15:46:21 - [TEST_SUITE][FAILED] - TSADP-49: Test Cases/PREGAME/SportBook/OpcionBalanceDiario(ADP-52) FAILED.
Reason:
Assertion failed: 

assert wagerStatusDailyAmount.contains(GlobalVariable.wagerAmount)
       |                      |                       |
       Ganancia/Pérdida: 75.0 false                    75.00

	at OpcionBalanceDiario(ADP-52).run(OpcionBalanceDiario(ADP-52):158)
	at com.kms.katalon.core.main.ScriptEngine.run(ScriptEngine.java:194)
	at com.kms.katalon.core.main.ScriptEngine.runScriptAsRawText(ScriptEngine.java:119)
	at com.kms.katalon.core.main.TestCaseExecutor.runScript(TestCaseExecutor.java:321)
	at com.kms.katalon.core.main.TestCaseExecutor.doExecute(TestCaseExecutor.java:312)
	at com.kms.katalon.core.main.TestCaseExecutor.processExecutionPhase(TestCaseExecutor.java:291)
	at com.kms.katalon.core.main.TestCaseExecutor.accessMainPhase(TestCaseExecutor.java:283)
	at com.kms.katalon.core.main.TestCaseExecutor.execute(TestCaseExecutor.java:222)
	at com.kms.katalon.core.main.TestSuiteExecutor.accessTestCaseMainPhase(TestSuiteExecutor.java:129)
	at com.kms.katalon.core.main.TestSuiteExecutor.accessTestSuiteMainPhase(TestSuiteExecutor.java:112)
	at com.kms.katalon.core.main.TestSuiteExecutor.execute(TestSuiteExecutor.java:81)
	at com.kms.katalon.core.main.TestCaseMain.startTestSuite(TestCaseMain.java:149)
	at com.kms.katalon.core.main.TestCaseMain$startTestSuite$0.call(Unknown Source)
	at TempTestSuite1544564777016.run(TempTestSuite1544564777016.groovy:36)]]></system-out>
      <system-err><![CDATA[2018-12-11 15:46:21 - [TEST_SUITE][FAILED] - TSADP-49: Test Cases/PREGAME/SportBook/OpcionBalanceDiario(ADP-52) FAILED.
Reason:
Assertion failed: 

assert wagerStatusDailyAmount.contains(GlobalVariable.wagerAmount)
       |                      |                       |
       Ganancia/Pérdida: 75.0 false                    75.00

	at OpcionBalanceDiario(ADP-52).run(OpcionBalanceDiario(ADP-52):158)
	at com.kms.katalon.core.main.ScriptEngine.run(ScriptEngine.java:194)
	at com.kms.katalon.core.main.ScriptEngine.runScriptAsRawText(ScriptEngine.java:119)
	at com.kms.katalon.core.main.TestCaseExecutor.runScript(TestCaseExecutor.java:321)
	at com.kms.katalon.core.main.TestCaseExecutor.doExecute(TestCaseExecutor.java:312)
	at com.kms.katalon.core.main.TestCaseExecutor.processExecutionPhase(TestCaseExecutor.java:291)
	at com.kms.katalon.core.main.TestCaseExecutor.accessMainPhase(TestCaseExecutor.java:283)
	at com.kms.katalon.core.main.TestCaseExecutor.execute(TestCaseExecutor.java:222)
	at com.kms.katalon.core.main.TestSuiteExecutor.accessTestCaseMainPhase(TestSuiteExecutor.java:129)
	at com.kms.katalon.core.main.TestSuiteExecutor.accessTestSuiteMainPhase(TestSuiteExecutor.java:112)
	at com.kms.katalon.core.main.TestSuiteExecutor.execute(TestSuiteExecutor.java:81)
	at com.kms.katalon.core.main.TestCaseMain.startTestSuite(TestCaseMain.java:149)
	at com.kms.katalon.core.main.TestCaseMain$startTestSuite$0.call(Unknown Source)
	at TempTestSuite1544564777016.run(TempTestSuite1544564777016.groovy:36)]]></system-err>
   </testsuite>
</testsuites>
